2025-07-26 18:13:01,055 - SimpleMLopsLogger - INFO - This is a log message from src/__init__.py
2025-07-26 21:18:21,300 - SimpleMLopsLogger - ERROR - name 'configuration_manager' is not defined
Traceback (most recent call last):
  File "C:\Users\omsup\AppData\Local\Temp\ipykernel_352\1096999847.py", line 2, in <module>
    config=configuration_manager()
NameError: name 'configuration_manager' is not defined
2025-07-26 21:18:53,216 - SimpleMLopsLogger - ERROR - name 'ConfigurationManager' is not defined
Traceback (most recent call last):
  File "C:\Users\omsup\AppData\Local\Temp\ipykernel_352\2833887405.py", line 2, in <module>
    config=ConfigurationManager()
NameError: name 'ConfigurationManager' is not defined
2025-07-26 21:19:47,017 - SimpleMLopsLogger - INFO - YAML file config\config.yaml read successfully.
2025-07-26 21:19:47,018 - SimpleMLopsLogger - ERROR - name 'create_directories' is not defined
Traceback (most recent call last):
  File "C:\Users\omsup\AppData\Local\Temp\ipykernel_352\2833887405.py", line 2, in <module>
    config=ConfigurationManager()
  File "C:\Users\omsup\AppData\Local\Temp\ipykernel_352\2718532571.py", line 5, in __init__
    create_directories([self.config.artifacts_root])
NameError: name 'create_directories' is not defined
2025-07-26 21:20:09,713 - SimpleMLopsLogger - INFO - YAML file config\config.yaml read successfully.
2025-07-26 21:20:09,714 - SimpleMLopsLogger - INFO - Created directory: artifacts
2025-07-26 21:20:09,716 - SimpleMLopsLogger - INFO - Created directory: artifacts/data_ingestion
2025-07-26 21:20:09,716 - SimpleMLopsLogger - ERROR - 'NoneType' object has no attribute 'local_data_file'
Traceback (most recent call last):
  File "C:\Users\omsup\AppData\Local\Temp\ipykernel_352\2833887405.py", line 5, in <module>
    data_ingestion.download_data()
  File "C:\Users\omsup\AppData\Local\Temp\ipykernel_352\1325147327.py", line 8, in download_data
    if not os.path.exists(self.config.local_data_file):
AttributeError: 'NoneType' object has no attribute 'local_data_file'
2025-07-26 21:21:15,490 - SimpleMLopsLogger - INFO - YAML file config\config.yaml read successfully.
2025-07-26 21:21:15,492 - SimpleMLopsLogger - INFO - Created directory: artifacts
2025-07-26 21:21:15,493 - SimpleMLopsLogger - INFO - Created directory: artifacts/data_ingestion
2025-07-26 21:21:15,493 - SimpleMLopsLogger - ERROR - 'NoneType' object has no attribute 'local_data_file'
Traceback (most recent call last):
  File "C:\Users\omsup\AppData\Local\Temp\ipykernel_352\2833887405.py", line 5, in <module>
    data_ingestion.download_data()
  File "C:\Users\omsup\AppData\Local\Temp\ipykernel_352\1325147327.py", line 8, in download_data
    if not os.path.exists(self.config.local_data_file):
AttributeError: 'NoneType' object has no attribute 'local_data_file'
2025-07-26 21:23:54,436 - SimpleMLopsLogger - INFO - YAML file config\config.yaml read successfully.
2025-07-26 21:23:54,438 - SimpleMLopsLogger - INFO - Created directory: artifacts
2025-07-26 21:23:54,439 - SimpleMLopsLogger - INFO - Created directory: artifacts/data_ingestion
2025-07-26 21:23:55,003 - SimpleMLopsLogger - ERROR - HTTP Error 404: Not Found
Traceback (most recent call last):
  File "C:\Users\omsup\AppData\Local\Temp\ipykernel_352\2833887405.py", line 5, in <module>
    data_ingestion.download_data()
  File "C:\Users\omsup\AppData\Local\Temp\ipykernel_352\1325147327.py", line 9, in download_data
    filename, headers = request.urlretrieve(
  File "e:\MLs\MLOPS Project\SimpleMLopsProject\venv\lib\urllib\request.py", line 241, in urlretrieve
    with contextlib.closing(urlopen(url, data)) as fp:
  File "e:\MLs\MLOPS Project\SimpleMLopsProject\venv\lib\urllib\request.py", line 216, in urlopen
    return opener.open(url, data, timeout)
  File "e:\MLs\MLOPS Project\SimpleMLopsProject\venv\lib\urllib\request.py", line 525, in open
    response = meth(req, response)
  File "e:\MLs\MLOPS Project\SimpleMLopsProject\venv\lib\urllib\request.py", line 634, in http_response
    response = self.parent.error(
  File "e:\MLs\MLOPS Project\SimpleMLopsProject\venv\lib\urllib\request.py", line 563, in error
    return self._call_chain(*args)
  File "e:\MLs\MLOPS Project\SimpleMLopsProject\venv\lib\urllib\request.py", line 496, in _call_chain
    result = func(*args)
  File "e:\MLs\MLOPS Project\SimpleMLopsProject\venv\lib\urllib\request.py", line 643, in http_error_default
    raise HTTPError(req.full_url, code, msg, hdrs, fp)
urllib.error.HTTPError: HTTP Error 404: Not Found
2025-07-26 21:26:38,912 - SimpleMLopsLogger - INFO - YAML file config\config.yaml read successfully.
2025-07-26 21:26:38,914 - SimpleMLopsLogger - INFO - Created directory: artifacts
2025-07-26 21:26:38,915 - SimpleMLopsLogger - INFO - Created directory: artifacts/data_ingestion
2025-07-26 21:26:39,580 - SimpleMLopsLogger - INFO - artifacts/data_ingestion/winequality-data.zip downloaded with following info: Date: Sat, 26 Jul 2025 15:56:39 GMT
Content-Type: text/html; charset=utf-8
Vary: X-PJAX, X-PJAX-Container, Turbo-Visit, Turbo-Frame, X-Requested-With,Accept-Encoding, Accept, X-Requested-With
x-repository-download: git clone https://github.com/krishnaik06/datasets.git
x-raw-download: https://raw.githubusercontent.com/krishnaik06/datasets/1224aaab5e7136afb9c0c874cbe1d20db22f5be5/winequality-data.zip
ETag: W/"d920383c12c6cf43e38b589d4619720e"
Cache-Control: max-age=0, private, must-revalidate
Strict-Transport-Security: max-age=31536000; includeSubdomains; preload
X-Frame-Options: deny
X-Content-Type-Options: nosniff
X-XSS-Protection: 0
Referrer-Policy: no-referrer-when-downgrade
Content-Security-Policy: default-src 'none'; base-uri 'self'; child-src github.githubassets.com github.com/assets-cdn/worker/ github.com/assets/ gist.github.com/assets-cdn/worker/; connect-src 'self' uploads.github.com www.githubstatus.com collector.github.com raw.githubusercontent.com api.github.com github-cloud.s3.amazonaws.com github-production-repository-file-5c1aeb.s3.amazonaws.com github-production-upload-manifest-file-7fdce7.s3.amazonaws.com github-production-user-asset-6210df.s3.amazonaws.com *.rel.tunnels.api.visualstudio.com wss://*.rel.tunnels.api.visualstudio.com objects-origin.githubusercontent.com copilot-proxy.githubusercontent.com proxy.individual.githubcopilot.com proxy.business.githubcopilot.com proxy.enterprise.githubcopilot.com *.actions.githubusercontent.com wss://*.actions.githubusercontent.com productionresultssa0.blob.core.windows.net/ productionresultssa1.blob.core.windows.net/ productionresultssa2.blob.core.windows.net/ productionresultssa3.blob.core.windows.net/ productionresultssa4.blob.core.windows.net/ productionresultssa5.blob.core.windows.net/ productionresultssa6.blob.core.windows.net/ productionresultssa7.blob.core.windows.net/ productionresultssa8.blob.core.windows.net/ productionresultssa9.blob.core.windows.net/ productionresultssa10.blob.core.windows.net/ productionresultssa11.blob.core.windows.net/ productionresultssa12.blob.core.windows.net/ productionresultssa13.blob.core.windows.net/ productionresultssa14.blob.core.windows.net/ productionresultssa15.blob.core.windows.net/ productionresultssa16.blob.core.windows.net/ productionresultssa17.blob.core.windows.net/ productionresultssa18.blob.core.windows.net/ productionresultssa19.blob.core.windows.net/ github-production-repository-image-32fea6.s3.amazonaws.com github-production-release-asset-2e65be.s3.amazonaws.com insights.github.com wss://alive.github.com api.githubcopilot.com api.individual.githubcopilot.com api.business.githubcopilot.com api.enterprise.githubcopilot.com; font-src github.githubassets.com; form-action 'self' github.com gist.github.com copilot-workspace.githubnext.com objects-origin.githubusercontent.com; frame-ancestors 'none'; frame-src viewscreen.githubusercontent.com notebooks.githubusercontent.com; img-src 'self' data: blob: github.githubassets.com media.githubusercontent.com camo.githubusercontent.com identicons.github.com avatars.githubusercontent.com private-avatars.githubusercontent.com github-cloud.s3.amazonaws.com objects.githubusercontent.com release-assets.githubusercontent.com secured-user-images.githubusercontent.com/ user-images.githubusercontent.com/ private-user-images.githubusercontent.com opengraph.githubassets.com copilotprodattachments.blob.core.windows.net/github-production-copilot-attachments/ github-production-user-asset-6210df.s3.amazonaws.com customer-stories-feed.github.com spotlights-feed.github.com objects-origin.githubusercontent.com *.githubusercontent.com; manifest-src 'self'; media-src github.com user-images.githubusercontent.com/ secured-user-images.githubusercontent.com/ private-user-images.githubusercontent.com github-production-user-asset-6210df.s3.amazonaws.com gist.github.com; script-src github.githubassets.com; style-src 'unsafe-inline' github.githubassets.com; upgrade-insecure-requests; worker-src github.githubassets.com github.com/assets-cdn/worker/ github.com/assets/ gist.github.com/assets-cdn/worker/
Server: github.com
Accept-Ranges: bytes
Set-Cookie: _gh_sess=ZSPldxm3JhdfIlyLT4jJ0juOvnMIvuIbF2TQgXeHLYK5z6keSFmTu4nzMf%2FcX1NkFDndwbJvCqSSnEv7BsbmZqjV2tMu4qunFHASY4pSve0E%2FsUT9QfueiqUPGBHBcr80%2FmFXfVEKvvp3H%2FxknOYo7YSVBmtXJdn8S2VvKcFHyCqJi0oCPyBHz5LRJ4Vr9MiWZARuc3%2BNJyM3Yhglrzjebvf5d6oI3oncrieIXQUaCfzednxWKvd%2Bk5qhW30hPKqZD8H1bAGK0m7Tv30MPT3OA%3D%3D--T5wpykH6jn34fjNK--NV%2FfZ1q9DmAVwr5ZMTLdPw%3D%3D; Path=/; HttpOnly; Secure; SameSite=Lax
Set-Cookie: _octo=GH1.1.524169577.1753545399; Path=/; Domain=github.com; Expires=Sun, 26 Jul 2026 15:56:39 GMT; Secure; SameSite=Lax
Set-Cookie: logged_in=no; Path=/; Domain=github.com; Expires=Sun, 26 Jul 2026 15:56:39 GMT; HttpOnly; Secure; SameSite=Lax
X-GitHub-Request-Id: 973B:29FD1F:6F91D9:9044DC:6884FAB7
connection: close
Transfer-Encoding: chunked


2025-07-26 21:26:39,625 - SimpleMLopsLogger - ERROR - File is not a zip file
Traceback (most recent call last):
  File "C:\Users\omsup\AppData\Local\Temp\ipykernel_352\2833887405.py", line 6, in <module>
    data_ingestion.extract_zip_file()
  File "C:\Users\omsup\AppData\Local\Temp\ipykernel_352\1325147327.py", line 20, in extract_zip_file
    with zipfile.ZipFile(self.config.local_data_file, 'r') as zip_ref:
  File "e:\MLs\MLOPS Project\SimpleMLopsProject\venv\lib\zipfile.py", line 1272, in __init__
    self._RealGetContents()
  File "e:\MLs\MLOPS Project\SimpleMLopsProject\venv\lib\zipfile.py", line 1339, in _RealGetContents
    raise BadZipFile("File is not a zip file")
zipfile.BadZipFile: File is not a zip file
2025-07-26 21:29:15,183 - SimpleMLopsLogger - INFO - YAML file config\config.yaml read successfully.
2025-07-26 21:29:15,185 - SimpleMLopsLogger - INFO - Created directory: artifacts
2025-07-26 21:29:15,187 - SimpleMLopsLogger - INFO - Created directory: artifacts/data_ingestion
2025-07-26 21:29:15,188 - SimpleMLopsLogger - INFO - File artifacts/data_ingestion/winequality-data.zip already exists.
2025-07-26 21:29:15,189 - SimpleMLopsLogger - ERROR - File is not a zip file
Traceback (most recent call last):
  File "C:\Users\omsup\AppData\Local\Temp\ipykernel_352\2833887405.py", line 6, in <module>
    data_ingestion.extract_zip_file()
  File "C:\Users\omsup\AppData\Local\Temp\ipykernel_352\1325147327.py", line 20, in extract_zip_file
    with zipfile.ZipFile(self.config.local_data_file, 'r') as zip_ref:
  File "e:\MLs\MLOPS Project\SimpleMLopsProject\venv\lib\zipfile.py", line 1272, in __init__
    self._RealGetContents()
  File "e:\MLs\MLOPS Project\SimpleMLopsProject\venv\lib\zipfile.py", line 1339, in _RealGetContents
    raise BadZipFile("File is not a zip file")
zipfile.BadZipFile: File is not a zip file
2025-07-26 21:29:35,268 - SimpleMLopsLogger - INFO - YAML file config\config.yaml read successfully.
2025-07-26 21:29:35,271 - SimpleMLopsLogger - INFO - Created directory: artifacts
2025-07-26 21:29:35,272 - SimpleMLopsLogger - INFO - Created directory: artifacts/data_ingestion
2025-07-26 21:29:35,979 - SimpleMLopsLogger - INFO - artifacts/data_ingestion/winequality-data.zip downloaded with following info: Date: Sat, 26 Jul 2025 15:59:35 GMT
Content-Type: text/html; charset=utf-8
Vary: X-PJAX, X-PJAX-Container, Turbo-Visit, Turbo-Frame, X-Requested-With,Accept-Encoding, Accept, X-Requested-With
x-repository-download: git clone https://github.com/krishnaik06/datasets.git
x-raw-download: https://raw.githubusercontent.com/krishnaik06/datasets/main/winequality-data.zip
ETag: W/"adeea2feecb11fa62334078ce98ef985"
Cache-Control: max-age=0, private, must-revalidate
Strict-Transport-Security: max-age=31536000; includeSubdomains; preload
X-Frame-Options: deny
X-Content-Type-Options: nosniff
X-XSS-Protection: 0
Referrer-Policy: no-referrer-when-downgrade
Content-Security-Policy: default-src 'none'; base-uri 'self'; child-src github.githubassets.com github.com/assets-cdn/worker/ github.com/assets/ gist.github.com/assets-cdn/worker/; connect-src 'self' uploads.github.com www.githubstatus.com collector.github.com raw.githubusercontent.com api.github.com github-cloud.s3.amazonaws.com github-production-repository-file-5c1aeb.s3.amazonaws.com github-production-upload-manifest-file-7fdce7.s3.amazonaws.com github-production-user-asset-6210df.s3.amazonaws.com *.rel.tunnels.api.visualstudio.com wss://*.rel.tunnels.api.visualstudio.com objects-origin.githubusercontent.com copilot-proxy.githubusercontent.com proxy.individual.githubcopilot.com proxy.business.githubcopilot.com proxy.enterprise.githubcopilot.com *.actions.githubusercontent.com wss://*.actions.githubusercontent.com productionresultssa0.blob.core.windows.net/ productionresultssa1.blob.core.windows.net/ productionresultssa2.blob.core.windows.net/ productionresultssa3.blob.core.windows.net/ productionresultssa4.blob.core.windows.net/ productionresultssa5.blob.core.windows.net/ productionresultssa6.blob.core.windows.net/ productionresultssa7.blob.core.windows.net/ productionresultssa8.blob.core.windows.net/ productionresultssa9.blob.core.windows.net/ productionresultssa10.blob.core.windows.net/ productionresultssa11.blob.core.windows.net/ productionresultssa12.blob.core.windows.net/ productionresultssa13.blob.core.windows.net/ productionresultssa14.blob.core.windows.net/ productionresultssa15.blob.core.windows.net/ productionresultssa16.blob.core.windows.net/ productionresultssa17.blob.core.windows.net/ productionresultssa18.blob.core.windows.net/ productionresultssa19.blob.core.windows.net/ github-production-repository-image-32fea6.s3.amazonaws.com github-production-release-asset-2e65be.s3.amazonaws.com insights.github.com wss://alive.github.com api.githubcopilot.com api.individual.githubcopilot.com api.business.githubcopilot.com api.enterprise.githubcopilot.com; font-src github.githubassets.com; form-action 'self' github.com gist.github.com copilot-workspace.githubnext.com objects-origin.githubusercontent.com; frame-ancestors 'none'; frame-src viewscreen.githubusercontent.com notebooks.githubusercontent.com; img-src 'self' data: blob: github.githubassets.com media.githubusercontent.com camo.githubusercontent.com identicons.github.com avatars.githubusercontent.com private-avatars.githubusercontent.com github-cloud.s3.amazonaws.com objects.githubusercontent.com release-assets.githubusercontent.com secured-user-images.githubusercontent.com/ user-images.githubusercontent.com/ private-user-images.githubusercontent.com opengraph.githubassets.com copilotprodattachments.blob.core.windows.net/github-production-copilot-attachments/ github-production-user-asset-6210df.s3.amazonaws.com customer-stories-feed.github.com spotlights-feed.github.com objects-origin.githubusercontent.com *.githubusercontent.com; manifest-src 'self'; media-src github.com user-images.githubusercontent.com/ secured-user-images.githubusercontent.com/ private-user-images.githubusercontent.com github-production-user-asset-6210df.s3.amazonaws.com gist.github.com; script-src github.githubassets.com; style-src 'unsafe-inline' github.githubassets.com; upgrade-insecure-requests; worker-src github.githubassets.com github.com/assets-cdn/worker/ github.com/assets/ gist.github.com/assets-cdn/worker/
Server: github.com
Accept-Ranges: bytes
Set-Cookie: _gh_sess=5EuP6TFaOYztkwX5BDBlAwnC1mo5VTQUI2N42X3xVHlJqscRIEqgB1EHIyk4ycOnI1SDhn3oPwsc7frmzqGvdtDimRgNtuiwNU0gBapsNbg8P%2FUs8cJAXW5UgHuBMS%2FZ%2Bl4T0rgHWVVPYi8aIscq4OEmFMYkEq54SesU71mB2MXGqtmwKmMYnv0w1VWrw3H116EYQR7hhj4ZlT2SI4wejm1Xy0STgBTUFH%2BwlVOkDXaRjPVCooaOkQ32vzNfoE8QdSS46JMQ4%2BKIZMV45MGJPw%3D%3D--3%2BTPNRxvu7ibgxlc--ChCkaHHtyVnfu4rBtFf5Lg%3D%3D; Path=/; HttpOnly; Secure; SameSite=Lax
Set-Cookie: _octo=GH1.1.1129839955.1753545575; Path=/; Domain=github.com; Expires=Sun, 26 Jul 2026 15:59:35 GMT; Secure; SameSite=Lax
Set-Cookie: logged_in=no; Path=/; Domain=github.com; Expires=Sun, 26 Jul 2026 15:59:35 GMT; HttpOnly; Secure; SameSite=Lax
X-GitHub-Request-Id: 976B:2F5ED7:701EFE:90EB82:6884FB67
connection: close
Transfer-Encoding: chunked


2025-07-26 21:29:36,021 - SimpleMLopsLogger - ERROR - File is not a zip file
Traceback (most recent call last):
  File "C:\Users\omsup\AppData\Local\Temp\ipykernel_352\2833887405.py", line 6, in <module>
    data_ingestion.extract_zip_file()
  File "C:\Users\omsup\AppData\Local\Temp\ipykernel_352\1325147327.py", line 20, in extract_zip_file
    with zipfile.ZipFile(self.config.local_data_file, 'r') as zip_ref:
  File "e:\MLs\MLOPS Project\SimpleMLopsProject\venv\lib\zipfile.py", line 1272, in __init__
    self._RealGetContents()
  File "e:\MLs\MLOPS Project\SimpleMLopsProject\venv\lib\zipfile.py", line 1339, in _RealGetContents
    raise BadZipFile("File is not a zip file")
zipfile.BadZipFile: File is not a zip file
2025-07-26 21:30:31,335 - SimpleMLopsLogger - INFO - YAML file config\config.yaml read successfully.
2025-07-26 21:30:31,336 - SimpleMLopsLogger - INFO - Created directory: artifacts
2025-07-26 21:30:31,337 - SimpleMLopsLogger - INFO - Created directory: artifacts/data_ingestion
2025-07-26 21:30:31,338 - SimpleMLopsLogger - INFO - File artifacts/data_ingestion/winequality-data.zip already exists.
2025-07-27 09:51:16,427 - SimpleMLopsLogger - INFO - Data ingestion pipeline module loaded successfully.
2025-07-27 09:51:16,431 - SimpleMLopsLogger - INFO - YAML file config\config.yaml read successfully.
2025-07-27 09:51:16,432 - SimpleMLopsLogger - INFO - Created directory: artifacts
2025-07-27 09:51:16,432 - SimpleMLopsLogger - INFO - Created directory: artifacts/data_ingestion
2025-07-27 09:51:17,801 - SimpleMLopsLogger - INFO - artifacts/data_ingestion/winequality-data.zip downloaded with following info: Connection: close
Content-Length: 23329
Cache-Control: max-age=300
Content-Security-Policy: default-src 'none'; style-src 'unsafe-inline'; sandbox
Content-Type: application/zip
ETag: "c69888a4ae59bc5a893392785a938ccd4937981c06ba8a9d6a21aa52b4ab5b6e"
Strict-Transport-Security: max-age=31536000
X-Content-Type-Options: nosniff
X-Frame-Options: deny
X-XSS-Protection: 1; mode=block
X-GitHub-Request-Id: 5A03:2A0292:167F5F:3E48BC:6885A93B
Accept-Ranges: bytes
Date: Sun, 27 Jul 2025 04:21:16 GMT
Via: 1.1 varnish
X-Served-By: cache-del21737-DEL
X-Cache: MISS
X-Cache-Hits: 0
X-Timer: S1753590077.552743,VS0,VE284
Vary: Authorization,Accept-Encoding
Access-Control-Allow-Origin: *
Cross-Origin-Resource-Policy: cross-origin
X-Fastly-Request-ID: 0469eb8c526ce49cd3068055946df4af8c9378bb
Expires: Sun, 27 Jul 2025 04:26:16 GMT
Source-Age: 0


2025-07-27 09:51:17,829 - SimpleMLopsLogger - INFO - Data Ingestion Stage completed successfully.
2025-07-27 09:51:17,829 - SimpleMLopsLogger - INFO - Data ingestion pipeline executed successfully.
2025-07-27 17:24:18,690 - SimpleMLopsLogger - ERROR - name 'schema_filepath' is not defined
Traceback (most recent call last):
  File "C:\Users\omsup\AppData\Local\Temp\ipykernel_8540\4189740378.py", line 2, in <module>
    config = ConfigurationManager()
  File "C:\Users\omsup\AppData\Local\Temp\ipykernel_8540\2781492024.py", line 10, in __init__
    self.config = read_yaml(schema_filepath)
NameError: name 'schema_filepath' is not defined. Did you mean: 'scherma_filepath'?
2025-07-27 17:24:32,231 - SimpleMLopsLogger - ERROR - name 'schema_filepath' is not defined
Traceback (most recent call last):
  File "C:\Users\omsup\AppData\Local\Temp\ipykernel_8540\4189740378.py", line 2, in <module>
    config = ConfigurationManager()
  File "C:\Users\omsup\AppData\Local\Temp\ipykernel_8540\2781492024.py", line 10, in __init__
    self.config = read_yaml(schema_filepath)
NameError: name 'schema_filepath' is not defined. Did you mean: 'scherma_filepath'?
2025-07-27 17:25:05,795 - SimpleMLopsLogger - INFO - YAML file schema.yaml read successfully.
2025-07-27 17:25:05,798 - SimpleMLopsLogger - ERROR - "'ConfigBox' object has no attribute 'artifacts_root'"
Traceback (most recent call last):
  File "box\\box.py", line 594, in box.box.Box.__getitem__
KeyError: 'artifacts_root'

The above exception was the direct cause of the following exception:

Traceback (most recent call last):
  File "box\\box.py", line 633, in box.box.Box.__getattr__
  File "box\\box.py", line 621, in box.box.Box.__getitem__
box.exceptions.BoxKeyError: "'artifacts_root'"

During handling of the above exception, another exception occurred:

Traceback (most recent call last):
  File "box\\box.py", line 635, in box.box.Box.__getattr__
AttributeError: 'ConfigBox' object has no attribute 'artifacts_root'

The above exception was the direct cause of the following exception:

Traceback (most recent call last):
  File "box\\config_box.py", line 29, in box.config_box.ConfigBox.__getattr__
  File "box\\box.py", line 649, in box.box.Box.__getattr__
box.exceptions.BoxKeyError: "'ConfigBox' object has no attribute 'artifacts_root'"

During handling of the above exception, another exception occurred:

Traceback (most recent call last):
  File "box\\box.py", line 594, in box.box.Box.__getitem__
KeyError: 'artifacts_root'

The above exception was the direct cause of the following exception:

Traceback (most recent call last):
  File "box\\box.py", line 633, in box.box.Box.__getattr__
  File "box\\box.py", line 621, in box.box.Box.__getitem__
box.exceptions.BoxKeyError: "'artifacts_root'"

During handling of the above exception, another exception occurred:

Traceback (most recent call last):
  File "box\\box.py", line 635, in box.box.Box.__getattr__
AttributeError: 'ConfigBox' object has no attribute 'artifacts_root'

The above exception was the direct cause of the following exception:

Traceback (most recent call last):
  File "C:\Users\omsup\AppData\Local\Temp\ipykernel_8540\4189740378.py", line 2, in <module>
    config = ConfigurationManager()
  File "C:\Users\omsup\AppData\Local\Temp\ipykernel_8540\859222285.py", line 12, in __init__
    create_directories([self.config.artifacts_root])
  File "box\\config_box.py", line 31, in box.config_box.ConfigBox.__getattr__
  File "box\\box.py", line 649, in box.box.Box.__getattr__
box.exceptions.BoxKeyError: "'ConfigBox' object has no attribute 'artifacts_root'"
2025-07-27 17:28:12,144 - SimpleMLopsLogger - INFO - YAML file schema.yaml read successfully.
2025-07-27 17:28:12,145 - SimpleMLopsLogger - ERROR - "'ConfigBox' object has no attribute 'artifacts_root'"
Traceback (most recent call last):
  File "box\\box.py", line 594, in box.box.Box.__getitem__
KeyError: 'artifacts_root'

The above exception was the direct cause of the following exception:

Traceback (most recent call last):
  File "box\\box.py", line 633, in box.box.Box.__getattr__
  File "box\\box.py", line 621, in box.box.Box.__getitem__
box.exceptions.BoxKeyError: "'artifacts_root'"

During handling of the above exception, another exception occurred:

Traceback (most recent call last):
  File "box\\box.py", line 635, in box.box.Box.__getattr__
AttributeError: 'ConfigBox' object has no attribute 'artifacts_root'

The above exception was the direct cause of the following exception:

Traceback (most recent call last):
  File "box\\config_box.py", line 29, in box.config_box.ConfigBox.__getattr__
  File "box\\box.py", line 649, in box.box.Box.__getattr__
box.exceptions.BoxKeyError: "'ConfigBox' object has no attribute 'artifacts_root'"

During handling of the above exception, another exception occurred:

Traceback (most recent call last):
  File "box\\box.py", line 594, in box.box.Box.__getitem__
KeyError: 'artifacts_root'

The above exception was the direct cause of the following exception:

Traceback (most recent call last):
  File "box\\box.py", line 633, in box.box.Box.__getattr__
  File "box\\box.py", line 621, in box.box.Box.__getitem__
box.exceptions.BoxKeyError: "'artifacts_root'"

During handling of the above exception, another exception occurred:

Traceback (most recent call last):
  File "box\\box.py", line 635, in box.box.Box.__getattr__
AttributeError: 'ConfigBox' object has no attribute 'artifacts_root'

The above exception was the direct cause of the following exception:

Traceback (most recent call last):
  File "C:\Users\omsup\AppData\Local\Temp\ipykernel_8540\4189740378.py", line 2, in <module>
    config = ConfigurationManager()
  File "C:\Users\omsup\AppData\Local\Temp\ipykernel_8540\859222285.py", line 12, in __init__
    create_directories([self.config.artifacts_root])
  File "box\\config_box.py", line 31, in box.config_box.ConfigBox.__getattr__
  File "box\\box.py", line 649, in box.box.Box.__getattr__
box.exceptions.BoxKeyError: "'ConfigBox' object has no attribute 'artifacts_root'"
2025-07-27 17:28:57,968 - SimpleMLopsLogger - INFO - YAML file config\config.yaml read successfully.
2025-07-27 17:28:57,970 - SimpleMLopsLogger - INFO - Created directory: artifacts
2025-07-27 17:28:57,971 - SimpleMLopsLogger - ERROR - 'ConfigurationManager' object has no attribute 'schema'
Traceback (most recent call last):
  File "C:\Users\omsup\AppData\Local\Temp\ipykernel_8540\4189740378.py", line 3, in <module>
    data_validation_config = config.get_data_validation_config()
  File "C:\Users\omsup\AppData\Local\Temp\ipykernel_8540\1167713853.py", line 16, in get_data_validation_config
    schema = self.schema.COLUMNS
AttributeError: 'ConfigurationManager' object has no attribute 'schema'
2025-07-27 17:30:05,121 - SimpleMLopsLogger - INFO - YAML file config\config.yaml read successfully.
2025-07-27 17:30:05,124 - SimpleMLopsLogger - INFO - YAML file schema.yaml read successfully.
2025-07-27 17:30:05,127 - SimpleMLopsLogger - INFO - Created directory: artifacts
2025-07-27 17:30:05,128 - SimpleMLopsLogger - INFO - Created directory: artifacts/data_validation
2025-07-27 17:30:05,129 - SimpleMLopsLogger - ERROR - name 'data_validation_config' is not defined
Traceback (most recent call last):
  File "C:\Users\omsup\AppData\Local\Temp\ipykernel_8540\4189740378.py", line 3, in <module>
    data_validation_config = config.get_data_validation_config()
  File "C:\Users\omsup\AppData\Local\Temp\ipykernel_8540\4268205820.py", line 24, in get_data_validation_config
    return data_validation_config
NameError: name 'data_validation_config' is not defined. Did you mean: 'DataValidationConfig'?
2025-07-27 17:30:46,793 - SimpleMLopsLogger - INFO - YAML file config\config.yaml read successfully.
2025-07-27 17:30:46,796 - SimpleMLopsLogger - INFO - YAML file schema.yaml read successfully.
2025-07-27 17:30:46,798 - SimpleMLopsLogger - INFO - Created directory: artifacts
2025-07-27 17:30:46,799 - SimpleMLopsLogger - INFO - Created directory: artifacts/data_validation
2025-07-27 17:48:38,517 - SimpleMLopsLogger - INFO - Data ingestion pipeline module loaded successfully.
2025-07-27 17:48:38,519 - SimpleMLopsLogger - INFO - YAML file config\config.yaml read successfully.
2025-07-27 17:48:38,519 - SimpleMLopsLogger - INFO - YAML file params.yaml read successfully.
2025-07-27 17:49:33,931 - SimpleMLopsLogger - INFO - Data ingestion pipeline module loaded successfully.
2025-07-27 17:49:33,932 - SimpleMLopsLogger - INFO - YAML file config\config.yaml read successfully.
2025-07-27 17:49:33,935 - SimpleMLopsLogger - INFO - YAML file params.yaml read successfully.
2025-07-27 17:49:33,936 - SimpleMLopsLogger - INFO - YAML file schema.yaml read successfully.
2025-07-27 17:49:33,939 - SimpleMLopsLogger - INFO - Created directory: artifacts
2025-07-27 17:49:33,939 - SimpleMLopsLogger - INFO - Created directory: artifacts/data_ingestion
2025-07-27 17:49:33,939 - SimpleMLopsLogger - INFO - File artifacts/data_ingestion/winequality-data.zip already exists.
2025-07-27 17:49:33,956 - SimpleMLopsLogger - INFO - Data Ingestion Stage completed successfully.
2025-07-27 17:49:33,956 - SimpleMLopsLogger - INFO - Data ingestion pipeline executed successfully.
2025-07-27 17:49:33,956 - SimpleMLopsLogger - INFO - Data validation pipeline module loaded successfully.
2025-07-27 17:49:33,957 - SimpleMLopsLogger - INFO - YAML file config\config.yaml read successfully.
2025-07-27 17:49:33,958 - SimpleMLopsLogger - INFO - YAML file params.yaml read successfully.
2025-07-27 17:49:33,960 - SimpleMLopsLogger - INFO - YAML file schema.yaml read successfully.
2025-07-27 17:49:33,961 - SimpleMLopsLogger - INFO - Created directory: artifacts
2025-07-27 17:49:33,961 - SimpleMLopsLogger - INFO - Created directory: artifacts/data_validation
2025-07-27 17:49:33,982 - SimpleMLopsLogger - INFO - Data Validation Stage completed successfully.
2025-07-27 17:49:33,982 - SimpleMLopsLogger - INFO - Data validation pipeline executed successfully.
2025-07-27 21:22:05,450 - SimpleMLopsLogger - INFO - YAML file config\config.yaml read successfully.
2025-07-27 21:22:05,455 - SimpleMLopsLogger - INFO - YAML file schema.yaml read successfully.
2025-07-27 21:22:05,463 - SimpleMLopsLogger - INFO - YAML file params.yaml read successfully.
2025-07-27 21:22:05,465 - SimpleMLopsLogger - INFO - Created directory: artifacts
2025-07-27 21:22:05,467 - SimpleMLopsLogger - ERROR - "'ConfigBox' object has no attribute 'data_transformation'"
Traceback (most recent call last):
  File "box\\box.py", line 594, in box.box.Box.__getitem__
KeyError: 'data_transformation'

The above exception was the direct cause of the following exception:

Traceback (most recent call last):
  File "box\\box.py", line 633, in box.box.Box.__getattr__
  File "box\\box.py", line 621, in box.box.Box.__getitem__
box.exceptions.BoxKeyError: "'data_transformation'"

During handling of the above exception, another exception occurred:

Traceback (most recent call last):
  File "box\\box.py", line 635, in box.box.Box.__getattr__
AttributeError: 'ConfigBox' object has no attribute 'data_transformation'

The above exception was the direct cause of the following exception:

Traceback (most recent call last):
  File "box\\config_box.py", line 29, in box.config_box.ConfigBox.__getattr__
  File "box\\box.py", line 649, in box.box.Box.__getattr__
box.exceptions.BoxKeyError: "'ConfigBox' object has no attribute 'data_transformation'"

During handling of the above exception, another exception occurred:

Traceback (most recent call last):
  File "box\\box.py", line 594, in box.box.Box.__getitem__
KeyError: 'data_transformation'

The above exception was the direct cause of the following exception:

Traceback (most recent call last):
  File "box\\box.py", line 633, in box.box.Box.__getattr__
  File "box\\box.py", line 621, in box.box.Box.__getitem__
box.exceptions.BoxKeyError: "'data_transformation'"

During handling of the above exception, another exception occurred:

Traceback (most recent call last):
  File "box\\box.py", line 635, in box.box.Box.__getattr__
AttributeError: 'ConfigBox' object has no attribute 'data_transformation'

The above exception was the direct cause of the following exception:

Traceback (most recent call last):
  File "C:\Users\omsup\AppData\Local\Temp\ipykernel_17140\2125397980.py", line 3, in <module>
    data_transformation_config = config.get_data_transformation_config()
  File "C:\Users\omsup\AppData\Local\Temp\ipykernel_17140\2978368625.py", line 14, in get_data_transformation_config
    config = self.config.data_transformation
  File "box\\config_box.py", line 31, in box.config_box.ConfigBox.__getattr__
  File "box\\box.py", line 649, in box.box.Box.__getattr__
box.exceptions.BoxKeyError: "'ConfigBox' object has no attribute 'data_transformation'"
2025-07-27 21:23:52,590 - SimpleMLopsLogger - INFO - YAML file config\config.yaml read successfully.
2025-07-27 21:23:52,595 - SimpleMLopsLogger - INFO - YAML file schema.yaml read successfully.
2025-07-27 21:23:52,597 - SimpleMLopsLogger - INFO - YAML file params.yaml read successfully.
2025-07-27 21:23:52,598 - SimpleMLopsLogger - INFO - Created directory: artifacts
2025-07-27 21:23:52,599 - SimpleMLopsLogger - ERROR - "'ConfigBox' object has no attribute 'data_transformation'"
Traceback (most recent call last):
  File "box\\box.py", line 594, in box.box.Box.__getitem__
KeyError: 'data_transformation'

The above exception was the direct cause of the following exception:

Traceback (most recent call last):
  File "box\\box.py", line 633, in box.box.Box.__getattr__
  File "box\\box.py", line 621, in box.box.Box.__getitem__
box.exceptions.BoxKeyError: "'data_transformation'"

During handling of the above exception, another exception occurred:

Traceback (most recent call last):
  File "box\\box.py", line 635, in box.box.Box.__getattr__
AttributeError: 'ConfigBox' object has no attribute 'data_transformation'

The above exception was the direct cause of the following exception:

Traceback (most recent call last):
  File "box\\config_box.py", line 29, in box.config_box.ConfigBox.__getattr__
  File "box\\box.py", line 649, in box.box.Box.__getattr__
box.exceptions.BoxKeyError: "'ConfigBox' object has no attribute 'data_transformation'"

During handling of the above exception, another exception occurred:

Traceback (most recent call last):
  File "box\\box.py", line 594, in box.box.Box.__getitem__
KeyError: 'data_transformation'

The above exception was the direct cause of the following exception:

Traceback (most recent call last):
  File "box\\box.py", line 633, in box.box.Box.__getattr__
  File "box\\box.py", line 621, in box.box.Box.__getitem__
box.exceptions.BoxKeyError: "'data_transformation'"

During handling of the above exception, another exception occurred:

Traceback (most recent call last):
  File "box\\box.py", line 635, in box.box.Box.__getattr__
AttributeError: 'ConfigBox' object has no attribute 'data_transformation'

The above exception was the direct cause of the following exception:

Traceback (most recent call last):
  File "C:\Users\omsup\AppData\Local\Temp\ipykernel_17140\2125397980.py", line 3, in <module>
    data_transformation_config = config.get_data_transformation_config()
  File "C:\Users\omsup\AppData\Local\Temp\ipykernel_17140\2978368625.py", line 14, in get_data_transformation_config
    config = self.config.data_transformation
  File "box\\config_box.py", line 31, in box.config_box.ConfigBox.__getattr__
  File "box\\box.py", line 649, in box.box.Box.__getattr__
box.exceptions.BoxKeyError: "'ConfigBox' object has no attribute 'data_transformation'"
2025-07-27 21:27:28,149 - SimpleMLopsLogger - INFO - YAML file config\config.yaml read successfully.
2025-07-27 21:27:28,158 - SimpleMLopsLogger - INFO - YAML file schema.yaml read successfully.
2025-07-27 21:27:28,170 - SimpleMLopsLogger - INFO - YAML file params.yaml read successfully.
2025-07-27 21:27:28,172 - SimpleMLopsLogger - INFO - Created directory: artifacts
2025-07-27 21:27:28,173 - SimpleMLopsLogger - INFO - Created directory: artifacts\data_transformation
2025-07-27 21:27:28,214 - SimpleMLopsLogger - INFO - Splitted data into train ans test sets.
2025-07-27 21:27:28,215 - SimpleMLopsLogger - INFO - (1279, 12)
2025-07-27 21:27:28,216 - SimpleMLopsLogger - INFO - (320, 12)
2025-07-27 22:04:17,201 - SimpleMLopsLogger - INFO - Data ingestion pipeline module loaded successfully.
2025-07-27 22:04:17,203 - SimpleMLopsLogger - INFO - YAML file config\config.yaml read successfully.
2025-07-27 22:04:17,204 - SimpleMLopsLogger - INFO - YAML file params.yaml read successfully.
2025-07-27 22:04:17,205 - SimpleMLopsLogger - INFO - YAML file schema.yaml read successfully.
2025-07-27 22:04:17,206 - SimpleMLopsLogger - INFO - Created directory: artifacts
2025-07-27 22:04:17,207 - SimpleMLopsLogger - INFO - Created directory: artifacts/data_ingestion
2025-07-27 22:04:18,194 - SimpleMLopsLogger - INFO - artifacts/data_ingestion/winequality-data.zip downloaded with following info: Connection: close
Content-Length: 23329
Cache-Control: max-age=300
Content-Security-Policy: default-src 'none'; style-src 'unsafe-inline'; sandbox
Content-Type: application/zip
ETag: "c69888a4ae59bc5a893392785a938ccd4937981c06ba8a9d6a21aa52b4ab5b6e"
Strict-Transport-Security: max-age=31536000
X-Content-Type-Options: nosniff
X-Frame-Options: deny
X-XSS-Protection: 1; mode=block
X-GitHub-Request-Id: 780A:136DA0:24707A:5CA067:68865509
Accept-Ranges: bytes
Date: Sun, 27 Jul 2025 16:34:17 GMT
Via: 1.1 varnish
X-Served-By: cache-del21729-DEL
X-Cache: MISS
X-Cache-Hits: 0
X-Timer: S1753634058.665838,VS0,VE299
Vary: Authorization,Accept-Encoding
Access-Control-Allow-Origin: *
Cross-Origin-Resource-Policy: cross-origin
X-Fastly-Request-ID: ccd2cea3a3f58ea9b67fb34353574482812fd5f6
Expires: Sun, 27 Jul 2025 16:39:17 GMT
Source-Age: 0


2025-07-27 22:04:18,210 - SimpleMLopsLogger - INFO - Data Ingestion Stage completed successfully.
2025-07-27 22:04:18,210 - SimpleMLopsLogger - INFO - Data ingestion pipeline executed successfully.
2025-07-27 22:04:18,211 - SimpleMLopsLogger - INFO - Data validation pipeline module loaded successfully.
2025-07-27 22:04:18,212 - SimpleMLopsLogger - INFO - YAML file config\config.yaml read successfully.
2025-07-27 22:04:18,213 - SimpleMLopsLogger - INFO - YAML file params.yaml read successfully.
2025-07-27 22:04:18,214 - SimpleMLopsLogger - INFO - YAML file schema.yaml read successfully.
2025-07-27 22:04:18,214 - SimpleMLopsLogger - INFO - Created directory: artifacts
2025-07-27 22:04:18,215 - SimpleMLopsLogger - INFO - Created directory: artifacts/data_validation
2025-07-27 22:04:18,233 - SimpleMLopsLogger - INFO - Data Validation Stage completed successfully.
2025-07-27 22:04:18,233 - SimpleMLopsLogger - INFO - Data validation pipeline executed successfully.
2025-07-27 22:04:18,233 - SimpleMLopsLogger - INFO - Data transformation pipeline module loaded successfully.
2025-07-27 22:04:18,234 - SimpleMLopsLogger - INFO - YAML file config\config.yaml read successfully.
2025-07-27 22:04:18,235 - SimpleMLopsLogger - INFO - YAML file params.yaml read successfully.
2025-07-27 22:04:18,236 - SimpleMLopsLogger - INFO - YAML file schema.yaml read successfully.
2025-07-27 22:04:18,236 - SimpleMLopsLogger - INFO - Created directory: artifacts
2025-07-27 22:04:18,237 - SimpleMLopsLogger - INFO - Created directory: artifacts/data_transformation
2025-07-27 22:04:18,263 - SimpleMLopsLogger - INFO - Splitted data into train ans test sets.
2025-07-27 22:04:18,264 - SimpleMLopsLogger - INFO - (1279, 12)
2025-07-27 22:04:18,264 - SimpleMLopsLogger - INFO - (320, 12)
2025-07-27 22:04:18,265 - SimpleMLopsLogger - INFO - Data transformation completed successfully.
2025-07-27 22:04:18,265 - SimpleMLopsLogger - INFO - Data transformation pipeline executed successfully.
2025-07-28 21:33:59,057 - SimpleMLopsLogger - INFO - YAML file config\config.yaml read successfully.
2025-07-28 21:33:59,062 - SimpleMLopsLogger - INFO - YAML file params.yaml read successfully.
2025-07-28 21:33:59,071 - SimpleMLopsLogger - INFO - YAML file schema.yaml read successfully.
2025-07-28 21:33:59,075 - SimpleMLopsLogger - INFO - Created directory: artifacts
2025-07-28 21:33:59,076 - SimpleMLopsLogger - INFO - Created directory: artifacts/model_trainer
2025-07-28 21:50:25,232 - SimpleMLopsLogger - INFO - Data ingestion pipeline module loaded successfully.
2025-07-28 21:50:25,235 - SimpleMLopsLogger - INFO - YAML file config\config.yaml read successfully.
2025-07-28 21:50:25,236 - SimpleMLopsLogger - INFO - YAML file params.yaml read successfully.
2025-07-28 21:50:25,238 - SimpleMLopsLogger - INFO - YAML file schema.yaml read successfully.
2025-07-28 21:50:25,239 - SimpleMLopsLogger - INFO - Created directory: artifacts
2025-07-28 21:50:25,245 - SimpleMLopsLogger - INFO - Created directory: artifacts/data_ingestion
2025-07-28 21:50:26,654 - SimpleMLopsLogger - INFO - artifacts/data_ingestion/winequality-data.zip downloaded with following info: Connection: close
Content-Length: 23329
Cache-Control: max-age=300
Content-Security-Policy: default-src 'none'; style-src 'unsafe-inline'; sandbox
Content-Type: application/zip
ETag: "c69888a4ae59bc5a893392785a938ccd4937981c06ba8a9d6a21aa52b4ab5b6e"
Strict-Transport-Security: max-age=31536000
X-Content-Type-Options: nosniff
X-Frame-Options: deny
X-XSS-Protection: 1; mode=block
X-GitHub-Request-Id: 6772:17F5F2:A42C7:13BF1D:6887A349
Accept-Ranges: bytes
Date: Mon, 28 Jul 2025 16:20:26 GMT
Via: 1.1 varnish
X-Served-By: cache-del21723-DEL
X-Cache: MISS
X-Cache-Hits: 0
X-Timer: S1753719626.643808,VS0,VE366
Vary: Authorization,Accept-Encoding
Access-Control-Allow-Origin: *
Cross-Origin-Resource-Policy: cross-origin
X-Fastly-Request-ID: 72500b276c4f9ba1ef15bd437bc727b1128e5ea4
Expires: Mon, 28 Jul 2025 16:25:26 GMT
Source-Age: 0


2025-07-28 21:50:26,675 - SimpleMLopsLogger - INFO - Data Ingestion Stage completed successfully.
2025-07-28 21:50:26,675 - SimpleMLopsLogger - INFO - Data ingestion pipeline executed successfully.
2025-07-28 21:50:26,675 - SimpleMLopsLogger - INFO - Data validation pipeline module loaded successfully.
2025-07-28 21:50:26,678 - SimpleMLopsLogger - INFO - YAML file config\config.yaml read successfully.
2025-07-28 21:50:26,680 - SimpleMLopsLogger - INFO - YAML file params.yaml read successfully.
2025-07-28 21:50:26,683 - SimpleMLopsLogger - INFO - YAML file schema.yaml read successfully.
2025-07-28 21:50:26,684 - SimpleMLopsLogger - INFO - Created directory: artifacts
2025-07-28 21:50:26,685 - SimpleMLopsLogger - INFO - Created directory: artifacts/data_validation
2025-07-28 21:50:26,707 - SimpleMLopsLogger - INFO - Data Validation Stage completed successfully.
2025-07-28 21:50:26,707 - SimpleMLopsLogger - INFO - Data validation pipeline executed successfully.
2025-07-28 21:50:26,707 - SimpleMLopsLogger - INFO - Data transformation pipeline module loaded successfully.
2025-07-28 21:50:26,710 - SimpleMLopsLogger - INFO - YAML file config\config.yaml read successfully.
2025-07-28 21:50:26,712 - SimpleMLopsLogger - INFO - YAML file params.yaml read successfully.
2025-07-28 21:50:26,714 - SimpleMLopsLogger - INFO - YAML file schema.yaml read successfully.
2025-07-28 21:50:26,715 - SimpleMLopsLogger - INFO - Created directory: artifacts
2025-07-28 21:50:26,716 - SimpleMLopsLogger - INFO - Created directory: artifacts/data_transformation
2025-07-28 21:50:26,743 - SimpleMLopsLogger - INFO - Splitted data into train ans test sets.
2025-07-28 21:50:26,743 - SimpleMLopsLogger - INFO - (1279, 12)
2025-07-28 21:50:26,744 - SimpleMLopsLogger - INFO - (320, 12)
2025-07-28 21:50:26,744 - SimpleMLopsLogger - INFO - Data transformation completed successfully.
2025-07-28 21:50:26,744 - SimpleMLopsLogger - INFO - Data transformation pipeline executed successfully.
2025-07-28 21:50:26,744 - SimpleMLopsLogger - INFO - Model trainer pipeline module loaded successfully.
2025-07-28 21:50:26,747 - SimpleMLopsLogger - INFO - YAML file config\config.yaml read successfully.
2025-07-28 21:50:26,749 - SimpleMLopsLogger - INFO - YAML file params.yaml read successfully.
2025-07-28 21:50:26,753 - SimpleMLopsLogger - INFO - YAML file schema.yaml read successfully.
2025-07-28 21:50:26,754 - SimpleMLopsLogger - INFO - Created directory: artifacts
2025-07-28 21:50:26,755 - SimpleMLopsLogger - INFO - Created directory: artifacts/model_trainer
2025-07-28 21:50:26,816 - SimpleMLopsLogger - INFO - Model trainer pipeline executed successfully.
2025-07-29 22:10:02,795 - SimpleMLopsLogger - INFO - Data ingestion pipeline module loaded successfully.
2025-07-29 22:10:02,802 - SimpleMLopsLogger - INFO - YAML file config\config.yaml read successfully.
2025-07-29 22:10:02,813 - SimpleMLopsLogger - INFO - YAML file params.yaml read successfully.
2025-07-29 22:10:02,817 - SimpleMLopsLogger - INFO - YAML file schema.yaml read successfully.
2025-07-29 22:10:02,818 - SimpleMLopsLogger - INFO - Created directory: artifacts
2025-07-29 22:10:02,818 - SimpleMLopsLogger - INFO - Created directory: artifacts/data_ingestion
2025-07-29 22:10:02,819 - SimpleMLopsLogger - INFO - File artifacts/data_ingestion/winequality-data.zip already exists.
2025-07-29 22:10:02,835 - SimpleMLopsLogger - INFO - Data Ingestion Stage completed successfully.
2025-07-29 22:10:02,835 - SimpleMLopsLogger - INFO - Data ingestion pipeline executed successfully.
2025-07-29 22:10:02,835 - SimpleMLopsLogger - INFO - Data validation pipeline module loaded successfully.
2025-07-29 22:10:02,839 - SimpleMLopsLogger - INFO - YAML file config\config.yaml read successfully.
2025-07-29 22:10:02,839 - SimpleMLopsLogger - INFO - YAML file params.yaml read successfully.
2025-07-29 22:10:02,842 - SimpleMLopsLogger - INFO - YAML file schema.yaml read successfully.
2025-07-29 22:10:02,842 - SimpleMLopsLogger - INFO - Created directory: artifacts
2025-07-29 22:10:02,843 - SimpleMLopsLogger - INFO - Created directory: artifacts/data_validation
2025-07-29 22:10:02,868 - SimpleMLopsLogger - INFO - Data Validation Stage completed successfully.
2025-07-29 22:10:02,868 - SimpleMLopsLogger - INFO - Data validation pipeline executed successfully.
2025-07-29 22:10:02,868 - SimpleMLopsLogger - INFO - Data transformation pipeline module loaded successfully.
2025-07-29 22:10:02,872 - SimpleMLopsLogger - INFO - YAML file config\config.yaml read successfully.
2025-07-29 22:10:02,873 - SimpleMLopsLogger - INFO - YAML file params.yaml read successfully.
2025-07-29 22:10:02,874 - SimpleMLopsLogger - INFO - YAML file schema.yaml read successfully.
2025-07-29 22:10:02,875 - SimpleMLopsLogger - INFO - Created directory: artifacts
2025-07-29 22:10:02,875 - SimpleMLopsLogger - INFO - Created directory: artifacts/data_transformation
2025-07-29 22:10:02,901 - SimpleMLopsLogger - INFO - Splitted data into train ans test sets.
2025-07-29 22:10:02,901 - SimpleMLopsLogger - INFO - (1279, 12)
2025-07-29 22:10:02,901 - SimpleMLopsLogger - INFO - (320, 12)
2025-07-29 22:10:02,902 - SimpleMLopsLogger - INFO - Data transformation completed successfully.
2025-07-29 22:10:02,902 - SimpleMLopsLogger - INFO - Data transformation pipeline executed successfully.
2025-07-29 22:10:02,902 - SimpleMLopsLogger - INFO - Model trainer pipeline module loaded successfully.
2025-07-29 22:10:02,905 - SimpleMLopsLogger - INFO - YAML file config\config.yaml read successfully.
2025-07-29 22:10:02,906 - SimpleMLopsLogger - INFO - YAML file params.yaml read successfully.
2025-07-29 22:10:02,908 - SimpleMLopsLogger - INFO - YAML file schema.yaml read successfully.
2025-07-29 22:10:02,908 - SimpleMLopsLogger - INFO - Created directory: artifacts
2025-07-29 22:10:02,909 - SimpleMLopsLogger - INFO - Created directory: artifacts/model_trainer
2025-07-29 22:10:02,949 - SimpleMLopsLogger - INFO - Model trainer pipeline executed successfully.
2025-07-29 22:10:02,949 - SimpleMLopsLogger - INFO - Model evaluation pipeline module loaded successfully.
2025-07-29 22:10:02,953 - SimpleMLopsLogger - INFO - YAML file config\config.yaml read successfully.
2025-07-29 22:10:02,954 - SimpleMLopsLogger - INFO - YAML file params.yaml read successfully.
2025-07-29 22:10:02,956 - SimpleMLopsLogger - INFO - YAML file schema.yaml read successfully.
2025-07-29 22:10:02,957 - SimpleMLopsLogger - INFO - Created directory: artifacts
2025-07-29 22:10:02,958 - SimpleMLopsLogger - INFO - Created directory: artifacts/model_evaluation
2025-07-29 22:10:02,958 - SimpleMLopsLogger - ERROR - Error occurred during Model Evaluation stage: "'ConfigBox' object has no attribute 'mlflow_uri'"
Traceback (most recent call last):
  File "box\\box.py", line 594, in box.box.Box.__getitem__
KeyError: 'MLFLOW_URI'

The above exception was the direct cause of the following exception:

Traceback (most recent call last):
  File "box\\box.py", line 633, in box.box.Box.__getattr__
  File "box\\box.py", line 621, in box.box.Box.__getitem__
box.exceptions.BoxKeyError: "'MLFLOW_URI'"

During handling of the above exception, another exception occurred:

Traceback (most recent call last):
  File "box\\box.py", line 635, in box.box.Box.__getattr__
AttributeError: 'ConfigBox' object has no attribute 'MLFLOW_URI'

The above exception was the direct cause of the following exception:

Traceback (most recent call last):
  File "box\\config_box.py", line 29, in box.config_box.ConfigBox.__getattr__
  File "box\\box.py", line 649, in box.box.Box.__getattr__
box.exceptions.BoxKeyError: "'ConfigBox' object has no attribute 'MLFLOW_URI'"

During handling of the above exception, another exception occurred:

Traceback (most recent call last):
  File "box\\box.py", line 594, in box.box.Box.__getitem__
KeyError: 'mlflow_uri'

The above exception was the direct cause of the following exception:

Traceback (most recent call last):
  File "box\\box.py", line 633, in box.box.Box.__getattr__
  File "box\\box.py", line 621, in box.box.Box.__getitem__
box.exceptions.BoxKeyError: "'mlflow_uri'"

During handling of the above exception, another exception occurred:

Traceback (most recent call last):
  File "box\\box.py", line 635, in box.box.Box.__getattr__
AttributeError: 'ConfigBox' object has no attribute 'mlflow_uri'

The above exception was the direct cause of the following exception:

Traceback (most recent call last):
  File "E:\MLs\MLOPS Project\SimpleMLopsProject\src\pipeline\model_evaluator_pipe.py", line 14, in initiate_model_evaluation
    model_eval_config = config.get_model_evaluation_config()
  File "E:\MLs\MLOPS Project\SimpleMLopsProject\src\config\configuration.py", line 82, in get_model_evaluation_config
    mlflow_uri=schema.MLFLOW_URI
  File "box\\config_box.py", line 31, in box.config_box.ConfigBox.__getattr__
  File "box\\box.py", line 649, in box.box.Box.__getattr__
box.exceptions.BoxKeyError: "'ConfigBox' object has no attribute 'mlflow_uri'"
2025-07-29 22:11:32,253 - SimpleMLopsLogger - INFO - Data ingestion pipeline module loaded successfully.
2025-07-29 22:11:32,257 - SimpleMLopsLogger - INFO - YAML file config\config.yaml read successfully.
2025-07-29 22:11:32,258 - SimpleMLopsLogger - INFO - YAML file params.yaml read successfully.
2025-07-29 22:11:32,260 - SimpleMLopsLogger - INFO - YAML file schema.yaml read successfully.
2025-07-29 22:11:32,261 - SimpleMLopsLogger - INFO - Created directory: artifacts
2025-07-29 22:11:32,262 - SimpleMLopsLogger - INFO - Created directory: artifacts/data_ingestion
2025-07-29 22:11:32,262 - SimpleMLopsLogger - INFO - File artifacts/data_ingestion/winequality-data.zip already exists.
2025-07-29 22:11:32,264 - SimpleMLopsLogger - INFO - Data Ingestion Stage completed successfully.
2025-07-29 22:11:32,265 - SimpleMLopsLogger - INFO - Data ingestion pipeline executed successfully.
2025-07-29 22:11:32,265 - SimpleMLopsLogger - INFO - Data validation pipeline module loaded successfully.
2025-07-29 22:11:32,268 - SimpleMLopsLogger - INFO - YAML file config\config.yaml read successfully.
2025-07-29 22:11:32,270 - SimpleMLopsLogger - INFO - YAML file params.yaml read successfully.
2025-07-29 22:11:32,274 - SimpleMLopsLogger - INFO - YAML file schema.yaml read successfully.
2025-07-29 22:11:32,275 - SimpleMLopsLogger - INFO - Created directory: artifacts
2025-07-29 22:11:32,275 - SimpleMLopsLogger - INFO - Created directory: artifacts/data_validation
2025-07-29 22:11:32,293 - SimpleMLopsLogger - INFO - Data Validation Stage completed successfully.
2025-07-29 22:11:32,293 - SimpleMLopsLogger - INFO - Data validation pipeline executed successfully.
2025-07-29 22:11:32,294 - SimpleMLopsLogger - INFO - Data transformation pipeline module loaded successfully.
2025-07-29 22:11:32,298 - SimpleMLopsLogger - INFO - YAML file config\config.yaml read successfully.
2025-07-29 22:11:32,298 - SimpleMLopsLogger - INFO - YAML file params.yaml read successfully.
2025-07-29 22:11:32,302 - SimpleMLopsLogger - INFO - YAML file schema.yaml read successfully.
2025-07-29 22:11:32,304 - SimpleMLopsLogger - INFO - Created directory: artifacts
2025-07-29 22:11:32,304 - SimpleMLopsLogger - INFO - Created directory: artifacts/data_transformation
2025-07-29 22:11:32,321 - SimpleMLopsLogger - INFO - Splitted data into train ans test sets.
2025-07-29 22:11:32,321 - SimpleMLopsLogger - INFO - (1279, 12)
2025-07-29 22:11:32,321 - SimpleMLopsLogger - INFO - (320, 12)
2025-07-29 22:11:32,322 - SimpleMLopsLogger - INFO - Data transformation completed successfully.
2025-07-29 22:11:32,322 - SimpleMLopsLogger - INFO - Data transformation pipeline executed successfully.
2025-07-29 22:11:32,322 - SimpleMLopsLogger - INFO - Model trainer pipeline module loaded successfully.
2025-07-29 22:11:32,326 - SimpleMLopsLogger - INFO - YAML file config\config.yaml read successfully.
2025-07-29 22:11:32,328 - SimpleMLopsLogger - INFO - YAML file params.yaml read successfully.
2025-07-29 22:11:32,332 - SimpleMLopsLogger - INFO - YAML file schema.yaml read successfully.
2025-07-29 22:11:32,333 - SimpleMLopsLogger - INFO - Created directory: artifacts
2025-07-29 22:11:32,333 - SimpleMLopsLogger - INFO - Created directory: artifacts/model_trainer
2025-07-29 22:11:32,365 - SimpleMLopsLogger - INFO - Model trainer pipeline executed successfully.
2025-07-29 22:11:32,366 - SimpleMLopsLogger - INFO - Model evaluation pipeline module loaded successfully.
2025-07-29 22:11:32,369 - SimpleMLopsLogger - INFO - YAML file config\config.yaml read successfully.
2025-07-29 22:11:32,371 - SimpleMLopsLogger - INFO - YAML file params.yaml read successfully.
2025-07-29 22:11:32,373 - SimpleMLopsLogger - INFO - YAML file schema.yaml read successfully.
2025-07-29 22:11:32,374 - SimpleMLopsLogger - INFO - Created directory: artifacts
2025-07-29 22:11:32,374 - SimpleMLopsLogger - INFO - Created directory: artifacts/model_evaluation
2025-07-29 22:11:32,375 - SimpleMLopsLogger - ERROR - Error occurred during Model Evaluation stage: "'ConfigBox' object has no attribute 'mlflow'"
Traceback (most recent call last):
  File "box\\box.py", line 594, in box.box.Box.__getitem__
KeyError: 'MLFLOW'

The above exception was the direct cause of the following exception:

Traceback (most recent call last):
  File "box\\box.py", line 633, in box.box.Box.__getattr__
  File "box\\box.py", line 621, in box.box.Box.__getitem__
box.exceptions.BoxKeyError: "'MLFLOW'"

During handling of the above exception, another exception occurred:

Traceback (most recent call last):
  File "box\\box.py", line 635, in box.box.Box.__getattr__
AttributeError: 'ConfigBox' object has no attribute 'MLFLOW'

The above exception was the direct cause of the following exception:

Traceback (most recent call last):
  File "box\\config_box.py", line 29, in box.config_box.ConfigBox.__getattr__
  File "box\\box.py", line 649, in box.box.Box.__getattr__
box.exceptions.BoxKeyError: "'ConfigBox' object has no attribute 'MLFLOW'"

During handling of the above exception, another exception occurred:

Traceback (most recent call last):
  File "box\\box.py", line 594, in box.box.Box.__getitem__
KeyError: 'mlflow'

The above exception was the direct cause of the following exception:

Traceback (most recent call last):
  File "box\\box.py", line 633, in box.box.Box.__getattr__
  File "box\\box.py", line 621, in box.box.Box.__getitem__
box.exceptions.BoxKeyError: "'mlflow'"

During handling of the above exception, another exception occurred:

Traceback (most recent call last):
  File "box\\box.py", line 635, in box.box.Box.__getattr__
AttributeError: 'ConfigBox' object has no attribute 'mlflow'

The above exception was the direct cause of the following exception:

Traceback (most recent call last):
  File "E:\MLs\MLOPS Project\SimpleMLopsProject\src\pipeline\model_evaluator_pipe.py", line 14, in initiate_model_evaluation
    model_eval_config = config.get_model_evaluation_config()
  File "E:\MLs\MLOPS Project\SimpleMLopsProject\src\config\configuration.py", line 82, in get_model_evaluation_config
    mlflow_uri=schema.MLFLOW.uri
  File "box\\config_box.py", line 31, in box.config_box.ConfigBox.__getattr__
  File "box\\box.py", line 649, in box.box.Box.__getattr__
box.exceptions.BoxKeyError: "'ConfigBox' object has no attribute 'mlflow'"
2025-07-29 22:14:39,217 - SimpleMLopsLogger - INFO - Data ingestion pipeline module loaded successfully.
2025-07-29 22:14:39,221 - SimpleMLopsLogger - INFO - YAML file config\config.yaml read successfully.
2025-07-29 22:14:39,221 - SimpleMLopsLogger - INFO - YAML file params.yaml read successfully.
2025-07-29 22:14:39,223 - SimpleMLopsLogger - INFO - YAML file schema.yaml read successfully.
2025-07-29 22:14:39,224 - SimpleMLopsLogger - INFO - Created directory: artifacts
2025-07-29 22:14:39,224 - SimpleMLopsLogger - INFO - Created directory: artifacts/data_ingestion
2025-07-29 22:14:39,224 - SimpleMLopsLogger - INFO - File artifacts/data_ingestion/winequality-data.zip already exists.
2025-07-29 22:14:39,226 - SimpleMLopsLogger - INFO - Data Ingestion Stage completed successfully.
2025-07-29 22:14:39,227 - SimpleMLopsLogger - INFO - Data ingestion pipeline executed successfully.
2025-07-29 22:14:39,227 - SimpleMLopsLogger - INFO - Data validation pipeline module loaded successfully.
2025-07-29 22:14:39,231 - SimpleMLopsLogger - INFO - YAML file config\config.yaml read successfully.
2025-07-29 22:14:39,232 - SimpleMLopsLogger - INFO - YAML file params.yaml read successfully.
2025-07-29 22:14:39,234 - SimpleMLopsLogger - INFO - YAML file schema.yaml read successfully.
2025-07-29 22:14:39,234 - SimpleMLopsLogger - INFO - Created directory: artifacts
2025-07-29 22:14:39,234 - SimpleMLopsLogger - INFO - Created directory: artifacts/data_validation
2025-07-29 22:14:39,253 - SimpleMLopsLogger - INFO - Data Validation Stage completed successfully.
2025-07-29 22:14:39,254 - SimpleMLopsLogger - INFO - Data validation pipeline executed successfully.
2025-07-29 22:14:39,254 - SimpleMLopsLogger - INFO - Data transformation pipeline module loaded successfully.
2025-07-29 22:14:39,256 - SimpleMLopsLogger - INFO - YAML file config\config.yaml read successfully.
2025-07-29 22:14:39,258 - SimpleMLopsLogger - INFO - YAML file params.yaml read successfully.
2025-07-29 22:14:39,260 - SimpleMLopsLogger - INFO - YAML file schema.yaml read successfully.
2025-07-29 22:14:39,261 - SimpleMLopsLogger - INFO - Created directory: artifacts
2025-07-29 22:14:39,261 - SimpleMLopsLogger - INFO - Created directory: artifacts/data_transformation
2025-07-29 22:14:39,279 - SimpleMLopsLogger - INFO - Splitted data into train ans test sets.
2025-07-29 22:14:39,280 - SimpleMLopsLogger - INFO - (1279, 12)
2025-07-29 22:14:39,280 - SimpleMLopsLogger - INFO - (320, 12)
2025-07-29 22:14:39,280 - SimpleMLopsLogger - INFO - Data transformation completed successfully.
2025-07-29 22:14:39,280 - SimpleMLopsLogger - INFO - Data transformation pipeline executed successfully.
2025-07-29 22:14:39,281 - SimpleMLopsLogger - INFO - Model trainer pipeline module loaded successfully.
2025-07-29 22:14:39,284 - SimpleMLopsLogger - INFO - YAML file config\config.yaml read successfully.
2025-07-29 22:14:39,284 - SimpleMLopsLogger - INFO - YAML file params.yaml read successfully.
2025-07-29 22:14:39,286 - SimpleMLopsLogger - INFO - YAML file schema.yaml read successfully.
2025-07-29 22:14:39,287 - SimpleMLopsLogger - INFO - Created directory: artifacts
2025-07-29 22:14:39,287 - SimpleMLopsLogger - INFO - Created directory: artifacts/model_trainer
2025-07-29 22:14:39,315 - SimpleMLopsLogger - INFO - Model trainer pipeline executed successfully.
2025-07-29 22:14:39,316 - SimpleMLopsLogger - INFO - Model evaluation pipeline module loaded successfully.
2025-07-29 22:14:39,318 - SimpleMLopsLogger - INFO - YAML file config\config.yaml read successfully.
2025-07-29 22:14:39,319 - SimpleMLopsLogger - INFO - YAML file params.yaml read successfully.
2025-07-29 22:14:39,321 - SimpleMLopsLogger - INFO - YAML file schema.yaml read successfully.
2025-07-29 22:14:39,321 - SimpleMLopsLogger - INFO - Created directory: artifacts
2025-07-29 22:14:39,322 - SimpleMLopsLogger - INFO - Created directory: artifacts/model_evaluation
2025-07-29 22:14:39,979 - SimpleMLopsLogger - ERROR - Error occurred during Model Evaluation stage: typing.Any cannot be used with isinstance()
Traceback (most recent call last):
  File "E:\MLs\MLOPS Project\SimpleMLopsProject\src\pipeline\model_evaluator_pipe.py", line 16, in initiate_model_evaluation
    model_evaluator.log_into_mlflow()
  File "E:\MLs\MLOPS Project\SimpleMLopsProject\src\components\model_evaluator.py", line 42, in log_into_mlflow
    save_json(path = Path(self.config.metric_filename), data=scores)
  File "E:\MLs\MLOPS Project\SimpleMLopsProject\venv\lib\site-packages\ensure\main.py", line 831, in __call__
    if not isinstance(value, templ):
  File "E:\MLs\MLOPS Project\SimpleMLopsProject\venv\lib\typing.py", line 396, in __instancecheck__
    raise TypeError(f"{self} cannot be used with isinstance()")
TypeError: typing.Any cannot be used with isinstance()
2025-07-29 22:15:44,385 - SimpleMLopsLogger - INFO - Data ingestion pipeline module loaded successfully.
2025-07-29 22:15:44,388 - SimpleMLopsLogger - INFO - YAML file config\config.yaml read successfully.
2025-07-29 22:15:44,389 - SimpleMLopsLogger - INFO - YAML file params.yaml read successfully.
2025-07-29 22:15:44,391 - SimpleMLopsLogger - INFO - YAML file schema.yaml read successfully.
2025-07-29 22:15:44,392 - SimpleMLopsLogger - INFO - Created directory: artifacts
2025-07-29 22:15:44,392 - SimpleMLopsLogger - INFO - Created directory: artifacts/data_ingestion
2025-07-29 22:15:44,392 - SimpleMLopsLogger - INFO - File artifacts/data_ingestion/winequality-data.zip already exists.
2025-07-29 22:15:44,395 - SimpleMLopsLogger - INFO - Data Ingestion Stage completed successfully.
2025-07-29 22:15:44,395 - SimpleMLopsLogger - INFO - Data ingestion pipeline executed successfully.
2025-07-29 22:15:44,396 - SimpleMLopsLogger - INFO - Data validation pipeline module loaded successfully.
2025-07-29 22:15:44,401 - SimpleMLopsLogger - INFO - YAML file config\config.yaml read successfully.
2025-07-29 22:15:44,401 - SimpleMLopsLogger - INFO - YAML file params.yaml read successfully.
2025-07-29 22:15:44,403 - SimpleMLopsLogger - INFO - YAML file schema.yaml read successfully.
2025-07-29 22:15:44,404 - SimpleMLopsLogger - INFO - Created directory: artifacts
2025-07-29 22:15:44,404 - SimpleMLopsLogger - INFO - Created directory: artifacts/data_validation
2025-07-29 22:15:44,425 - SimpleMLopsLogger - INFO - Data Validation Stage completed successfully.
2025-07-29 22:15:44,425 - SimpleMLopsLogger - INFO - Data validation pipeline executed successfully.
2025-07-29 22:15:44,425 - SimpleMLopsLogger - INFO - Data transformation pipeline module loaded successfully.
2025-07-29 22:15:44,430 - SimpleMLopsLogger - INFO - YAML file config\config.yaml read successfully.
2025-07-29 22:15:44,431 - SimpleMLopsLogger - INFO - YAML file params.yaml read successfully.
2025-07-29 22:15:44,432 - SimpleMLopsLogger - INFO - YAML file schema.yaml read successfully.
2025-07-29 22:15:44,433 - SimpleMLopsLogger - INFO - Created directory: artifacts
2025-07-29 22:15:44,433 - SimpleMLopsLogger - INFO - Created directory: artifacts/data_transformation
2025-07-29 22:15:44,454 - SimpleMLopsLogger - INFO - Splitted data into train ans test sets.
2025-07-29 22:15:44,454 - SimpleMLopsLogger - INFO - (1279, 12)
2025-07-29 22:15:44,454 - SimpleMLopsLogger - INFO - (320, 12)
2025-07-29 22:15:44,454 - SimpleMLopsLogger - INFO - Data transformation completed successfully.
2025-07-29 22:15:44,454 - SimpleMLopsLogger - INFO - Data transformation pipeline executed successfully.
2025-07-29 22:15:44,455 - SimpleMLopsLogger - INFO - Model trainer pipeline module loaded successfully.
2025-07-29 22:15:44,458 - SimpleMLopsLogger - INFO - YAML file config\config.yaml read successfully.
2025-07-29 22:15:44,460 - SimpleMLopsLogger - INFO - YAML file params.yaml read successfully.
2025-07-29 22:15:44,463 - SimpleMLopsLogger - INFO - YAML file schema.yaml read successfully.
2025-07-29 22:15:44,463 - SimpleMLopsLogger - INFO - Created directory: artifacts
2025-07-29 22:15:44,464 - SimpleMLopsLogger - INFO - Created directory: artifacts/model_trainer
2025-07-29 22:15:44,496 - SimpleMLopsLogger - INFO - Model trainer pipeline executed successfully.
2025-07-29 22:15:44,496 - SimpleMLopsLogger - INFO - Model evaluation pipeline module loaded successfully.
2025-07-29 22:15:44,499 - SimpleMLopsLogger - INFO - YAML file config\config.yaml read successfully.
2025-07-29 22:15:44,500 - SimpleMLopsLogger - INFO - YAML file params.yaml read successfully.
2025-07-29 22:15:44,502 - SimpleMLopsLogger - INFO - YAML file schema.yaml read successfully.
2025-07-29 22:15:44,503 - SimpleMLopsLogger - INFO - Created directory: artifacts
2025-07-29 22:15:44,503 - SimpleMLopsLogger - INFO - Created directory: artifacts/model_evaluation
2025-07-29 22:15:45,133 - SimpleMLopsLogger - INFO - Data saved to artifacts\model_evaluation\metrics.json
2025-07-29 22:15:51,075 - SimpleMLopsLogger - INFO - Model evaluation pipeline executed successfully.
2025-07-29 22:17:33,132 - SimpleMLopsLogger - INFO - Data ingestion pipeline module loaded successfully.
2025-07-29 22:17:33,136 - SimpleMLopsLogger - INFO - YAML file config\config.yaml read successfully.
2025-07-29 22:17:33,137 - SimpleMLopsLogger - INFO - YAML file params.yaml read successfully.
2025-07-29 22:17:33,139 - SimpleMLopsLogger - INFO - YAML file schema.yaml read successfully.
2025-07-29 22:17:33,139 - SimpleMLopsLogger - INFO - Created directory: artifacts
2025-07-29 22:17:33,140 - SimpleMLopsLogger - INFO - Created directory: artifacts/data_ingestion
2025-07-29 22:17:33,140 - SimpleMLopsLogger - INFO - File artifacts/data_ingestion/winequality-data.zip already exists.
2025-07-29 22:17:33,144 - SimpleMLopsLogger - INFO - Data Ingestion Stage completed successfully.
2025-07-29 22:17:33,144 - SimpleMLopsLogger - INFO - Data ingestion pipeline executed successfully.
2025-07-29 22:17:33,145 - SimpleMLopsLogger - INFO - Data validation pipeline module loaded successfully.
2025-07-29 22:17:33,149 - SimpleMLopsLogger - INFO - YAML file config\config.yaml read successfully.
2025-07-29 22:17:33,150 - SimpleMLopsLogger - INFO - YAML file params.yaml read successfully.
2025-07-29 22:17:33,152 - SimpleMLopsLogger - INFO - YAML file schema.yaml read successfully.
2025-07-29 22:17:33,153 - SimpleMLopsLogger - INFO - Created directory: artifacts
2025-07-29 22:17:33,154 - SimpleMLopsLogger - INFO - Created directory: artifacts/data_validation
2025-07-29 22:17:33,173 - SimpleMLopsLogger - INFO - Data Validation Stage completed successfully.
2025-07-29 22:17:33,173 - SimpleMLopsLogger - INFO - Data validation pipeline executed successfully.
2025-07-29 22:17:33,173 - SimpleMLopsLogger - INFO - Data transformation pipeline module loaded successfully.
2025-07-29 22:17:33,178 - SimpleMLopsLogger - INFO - YAML file config\config.yaml read successfully.
2025-07-29 22:17:33,179 - SimpleMLopsLogger - INFO - YAML file params.yaml read successfully.
2025-07-29 22:17:33,181 - SimpleMLopsLogger - INFO - YAML file schema.yaml read successfully.
2025-07-29 22:17:33,182 - SimpleMLopsLogger - INFO - Created directory: artifacts
2025-07-29 22:17:33,183 - SimpleMLopsLogger - INFO - Created directory: artifacts/data_transformation
2025-07-29 22:17:33,199 - SimpleMLopsLogger - INFO - Splitted data into train ans test sets.
2025-07-29 22:17:33,200 - SimpleMLopsLogger - INFO - (1279, 12)
2025-07-29 22:17:33,200 - SimpleMLopsLogger - INFO - (320, 12)
2025-07-29 22:17:33,200 - SimpleMLopsLogger - INFO - Data transformation completed successfully.
2025-07-29 22:17:33,201 - SimpleMLopsLogger - INFO - Data transformation pipeline executed successfully.
2025-07-29 22:17:33,201 - SimpleMLopsLogger - INFO - Model trainer pipeline module loaded successfully.
2025-07-29 22:17:33,204 - SimpleMLopsLogger - INFO - YAML file config\config.yaml read successfully.
2025-07-29 22:17:33,205 - SimpleMLopsLogger - INFO - YAML file params.yaml read successfully.
2025-07-29 22:17:33,207 - SimpleMLopsLogger - INFO - YAML file schema.yaml read successfully.
2025-07-29 22:17:33,207 - SimpleMLopsLogger - INFO - Created directory: artifacts
2025-07-29 22:17:33,208 - SimpleMLopsLogger - INFO - Created directory: artifacts/model_trainer
2025-07-29 22:17:33,246 - SimpleMLopsLogger - INFO - Model trainer pipeline executed successfully.
2025-07-29 22:17:33,246 - SimpleMLopsLogger - INFO - Model evaluation pipeline module loaded successfully.
2025-07-29 22:17:33,249 - SimpleMLopsLogger - INFO - YAML file config\config.yaml read successfully.
2025-07-29 22:17:33,249 - SimpleMLopsLogger - INFO - YAML file params.yaml read successfully.
2025-07-29 22:17:33,252 - SimpleMLopsLogger - INFO - YAML file schema.yaml read successfully.
2025-07-29 22:17:33,252 - SimpleMLopsLogger - INFO - Created directory: artifacts
2025-07-29 22:17:33,252 - SimpleMLopsLogger - INFO - Created directory: artifacts/model_evaluation
2025-07-29 22:17:33,857 - SimpleMLopsLogger - INFO - Data saved to artifacts\model_evaluation\metrics.json
2025-07-29 22:17:37,405 - SimpleMLopsLogger - INFO - Model evaluation pipeline executed successfully.
2025-07-29 22:20:05,804 - SimpleMLopsLogger - INFO - Data ingestion pipeline module loaded successfully.
2025-07-29 22:20:05,808 - SimpleMLopsLogger - INFO - YAML file config\config.yaml read successfully.
2025-07-29 22:20:05,809 - SimpleMLopsLogger - INFO - YAML file params.yaml read successfully.
2025-07-29 22:20:05,810 - SimpleMLopsLogger - INFO - YAML file schema.yaml read successfully.
2025-07-29 22:20:05,811 - SimpleMLopsLogger - INFO - Created directory: artifacts
2025-07-29 22:20:05,811 - SimpleMLopsLogger - INFO - Created directory: artifacts/data_ingestion
2025-07-29 22:20:05,811 - SimpleMLopsLogger - INFO - File artifacts/data_ingestion/winequality-data.zip already exists.
2025-07-29 22:20:05,814 - SimpleMLopsLogger - INFO - Data Ingestion Stage completed successfully.
2025-07-29 22:20:05,815 - SimpleMLopsLogger - INFO - Data ingestion pipeline executed successfully.
2025-07-29 22:20:05,816 - SimpleMLopsLogger - INFO - Data validation pipeline module loaded successfully.
2025-07-29 22:20:05,819 - SimpleMLopsLogger - INFO - YAML file config\config.yaml read successfully.
2025-07-29 22:20:05,820 - SimpleMLopsLogger - INFO - YAML file params.yaml read successfully.
2025-07-29 22:20:05,822 - SimpleMLopsLogger - INFO - YAML file schema.yaml read successfully.
2025-07-29 22:20:05,823 - SimpleMLopsLogger - INFO - Created directory: artifacts
2025-07-29 22:20:05,824 - SimpleMLopsLogger - INFO - Created directory: artifacts/data_validation
2025-07-29 22:20:05,842 - SimpleMLopsLogger - INFO - Data Validation Stage completed successfully.
2025-07-29 22:20:05,843 - SimpleMLopsLogger - INFO - Data validation pipeline executed successfully.
2025-07-29 22:20:05,843 - SimpleMLopsLogger - INFO - Data transformation pipeline module loaded successfully.
2025-07-29 22:20:05,846 - SimpleMLopsLogger - INFO - YAML file config\config.yaml read successfully.
2025-07-29 22:20:05,848 - SimpleMLopsLogger - INFO - YAML file params.yaml read successfully.
2025-07-29 22:20:05,849 - SimpleMLopsLogger - INFO - YAML file schema.yaml read successfully.
2025-07-29 22:20:05,850 - SimpleMLopsLogger - INFO - Created directory: artifacts
2025-07-29 22:20:05,850 - SimpleMLopsLogger - INFO - Created directory: artifacts/data_transformation
2025-07-29 22:20:05,865 - SimpleMLopsLogger - INFO - Splitted data into train ans test sets.
2025-07-29 22:20:05,866 - SimpleMLopsLogger - INFO - (1279, 12)
2025-07-29 22:20:05,866 - SimpleMLopsLogger - INFO - (320, 12)
2025-07-29 22:20:05,867 - SimpleMLopsLogger - INFO - Data transformation completed successfully.
2025-07-29 22:20:05,867 - SimpleMLopsLogger - INFO - Data transformation pipeline executed successfully.
2025-07-29 22:20:05,867 - SimpleMLopsLogger - INFO - Model trainer pipeline module loaded successfully.
2025-07-29 22:20:05,871 - SimpleMLopsLogger - INFO - YAML file config\config.yaml read successfully.
2025-07-29 22:20:05,872 - SimpleMLopsLogger - INFO - YAML file params.yaml read successfully.
2025-07-29 22:20:05,875 - SimpleMLopsLogger - INFO - YAML file schema.yaml read successfully.
2025-07-29 22:20:05,875 - SimpleMLopsLogger - INFO - Created directory: artifacts
2025-07-29 22:20:05,876 - SimpleMLopsLogger - INFO - Created directory: artifacts/model_trainer
2025-07-29 22:20:05,908 - SimpleMLopsLogger - INFO - Model trainer pipeline executed successfully.
2025-07-29 22:20:05,909 - SimpleMLopsLogger - INFO - Model evaluation pipeline module loaded successfully.
2025-07-29 22:20:05,912 - SimpleMLopsLogger - INFO - YAML file config\config.yaml read successfully.
2025-07-29 22:20:05,913 - SimpleMLopsLogger - INFO - YAML file params.yaml read successfully.
2025-07-29 22:20:05,915 - SimpleMLopsLogger - INFO - YAML file schema.yaml read successfully.
2025-07-29 22:20:05,916 - SimpleMLopsLogger - INFO - Created directory: artifacts
2025-07-29 22:20:05,916 - SimpleMLopsLogger - INFO - Created directory: artifacts/model_evaluation
2025-07-29 22:20:06,497 - SimpleMLopsLogger - INFO - Data saved to artifacts\model_evaluation\metrics.json
2025-07-29 22:20:10,305 - SimpleMLopsLogger - INFO - Model evaluation pipeline executed successfully.
2025-07-29 22:21:02,787 - SimpleMLopsLogger - INFO - Data ingestion pipeline module loaded successfully.
2025-07-29 22:21:02,790 - SimpleMLopsLogger - INFO - YAML file config\config.yaml read successfully.
2025-07-29 22:21:02,791 - SimpleMLopsLogger - INFO - YAML file params.yaml read successfully.
2025-07-29 22:21:02,793 - SimpleMLopsLogger - INFO - YAML file schema.yaml read successfully.
2025-07-29 22:21:02,794 - SimpleMLopsLogger - INFO - Created directory: artifacts
2025-07-29 22:21:02,794 - SimpleMLopsLogger - INFO - Created directory: artifacts/data_ingestion
2025-07-29 22:21:02,794 - SimpleMLopsLogger - INFO - File artifacts/data_ingestion/winequality-data.zip already exists.
2025-07-29 22:21:02,797 - SimpleMLopsLogger - INFO - Data Ingestion Stage completed successfully.
2025-07-29 22:21:02,797 - SimpleMLopsLogger - INFO - Data ingestion pipeline executed successfully.
2025-07-29 22:21:02,797 - SimpleMLopsLogger - INFO - Data validation pipeline module loaded successfully.
2025-07-29 22:21:02,801 - SimpleMLopsLogger - INFO - YAML file config\config.yaml read successfully.
2025-07-29 22:21:02,802 - SimpleMLopsLogger - INFO - YAML file params.yaml read successfully.
2025-07-29 22:21:02,804 - SimpleMLopsLogger - INFO - YAML file schema.yaml read successfully.
2025-07-29 22:21:02,805 - SimpleMLopsLogger - INFO - Created directory: artifacts
2025-07-29 22:21:02,805 - SimpleMLopsLogger - INFO - Created directory: artifacts/data_validation
2025-07-29 22:21:02,820 - SimpleMLopsLogger - INFO - Data Validation Stage completed successfully.
2025-07-29 22:21:02,820 - SimpleMLopsLogger - INFO - Data validation pipeline executed successfully.
2025-07-29 22:21:02,820 - SimpleMLopsLogger - INFO - Data transformation pipeline module loaded successfully.
2025-07-29 22:21:02,824 - SimpleMLopsLogger - INFO - YAML file config\config.yaml read successfully.
2025-07-29 22:21:02,825 - SimpleMLopsLogger - INFO - YAML file params.yaml read successfully.
2025-07-29 22:21:02,827 - SimpleMLopsLogger - INFO - YAML file schema.yaml read successfully.
2025-07-29 22:21:02,828 - SimpleMLopsLogger - INFO - Created directory: artifacts
2025-07-29 22:21:02,828 - SimpleMLopsLogger - INFO - Created directory: artifacts/data_transformation
2025-07-29 22:21:02,844 - SimpleMLopsLogger - INFO - Splitted data into train ans test sets.
2025-07-29 22:21:02,845 - SimpleMLopsLogger - INFO - (1279, 12)
2025-07-29 22:21:02,845 - SimpleMLopsLogger - INFO - (320, 12)
2025-07-29 22:21:02,845 - SimpleMLopsLogger - INFO - Data transformation completed successfully.
2025-07-29 22:21:02,845 - SimpleMLopsLogger - INFO - Data transformation pipeline executed successfully.
2025-07-29 22:21:02,846 - SimpleMLopsLogger - INFO - Model trainer pipeline module loaded successfully.
2025-07-29 22:21:02,849 - SimpleMLopsLogger - INFO - YAML file config\config.yaml read successfully.
2025-07-29 22:21:02,850 - SimpleMLopsLogger - INFO - YAML file params.yaml read successfully.
2025-07-29 22:21:02,852 - SimpleMLopsLogger - INFO - YAML file schema.yaml read successfully.
2025-07-29 22:21:02,852 - SimpleMLopsLogger - INFO - Created directory: artifacts
2025-07-29 22:21:02,853 - SimpleMLopsLogger - INFO - Created directory: artifacts/model_trainer
2025-07-29 22:21:02,896 - SimpleMLopsLogger - INFO - Model trainer pipeline executed successfully.
2025-07-29 22:21:02,897 - SimpleMLopsLogger - INFO - Model evaluation pipeline module loaded successfully.
2025-07-29 22:21:02,900 - SimpleMLopsLogger - INFO - YAML file config\config.yaml read successfully.
2025-07-29 22:21:02,901 - SimpleMLopsLogger - INFO - YAML file params.yaml read successfully.
2025-07-29 22:21:02,902 - SimpleMLopsLogger - INFO - YAML file schema.yaml read successfully.
2025-07-29 22:21:02,903 - SimpleMLopsLogger - INFO - Created directory: artifacts
2025-07-29 22:21:02,903 - SimpleMLopsLogger - INFO - Created directory: artifacts/model_evaluation
2025-07-29 22:21:03,543 - SimpleMLopsLogger - INFO - Data saved to artifacts\model_evaluation\metrics.json
2025-07-29 22:21:07,413 - SimpleMLopsLogger - INFO - Model evaluation pipeline executed successfully.
2025-07-29 22:24:19,762 - SimpleMLopsLogger - INFO - Data ingestion pipeline module loaded successfully.
2025-07-29 22:24:19,766 - SimpleMLopsLogger - INFO - YAML file config\config.yaml read successfully.
2025-07-29 22:24:19,767 - SimpleMLopsLogger - INFO - YAML file params.yaml read successfully.
2025-07-29 22:24:19,769 - SimpleMLopsLogger - INFO - YAML file schema.yaml read successfully.
2025-07-29 22:24:19,770 - SimpleMLopsLogger - INFO - Created directory: artifacts
2025-07-29 22:24:19,770 - SimpleMLopsLogger - INFO - Created directory: artifacts/data_ingestion
2025-07-29 22:24:19,770 - SimpleMLopsLogger - INFO - File artifacts/data_ingestion/winequality-data.zip already exists.
2025-07-29 22:24:19,775 - SimpleMLopsLogger - INFO - Data Ingestion Stage completed successfully.
2025-07-29 22:24:19,776 - SimpleMLopsLogger - INFO - Data ingestion pipeline executed successfully.
2025-07-29 22:24:19,776 - SimpleMLopsLogger - INFO - Data validation pipeline module loaded successfully.
2025-07-29 22:24:19,779 - SimpleMLopsLogger - INFO - YAML file config\config.yaml read successfully.
2025-07-29 22:24:19,780 - SimpleMLopsLogger - INFO - YAML file params.yaml read successfully.
2025-07-29 22:24:19,782 - SimpleMLopsLogger - INFO - YAML file schema.yaml read successfully.
2025-07-29 22:24:19,782 - SimpleMLopsLogger - INFO - Created directory: artifacts
2025-07-29 22:24:19,783 - SimpleMLopsLogger - INFO - Created directory: artifacts/data_validation
2025-07-29 22:24:19,802 - SimpleMLopsLogger - INFO - Data Validation Stage completed successfully.
2025-07-29 22:24:19,802 - SimpleMLopsLogger - INFO - Data validation pipeline executed successfully.
2025-07-29 22:24:19,803 - SimpleMLopsLogger - INFO - Data transformation pipeline module loaded successfully.
2025-07-29 22:24:19,807 - SimpleMLopsLogger - INFO - YAML file config\config.yaml read successfully.
2025-07-29 22:24:19,808 - SimpleMLopsLogger - INFO - YAML file params.yaml read successfully.
2025-07-29 22:24:19,811 - SimpleMLopsLogger - INFO - YAML file schema.yaml read successfully.
2025-07-29 22:24:19,812 - SimpleMLopsLogger - INFO - Created directory: artifacts
2025-07-29 22:24:19,812 - SimpleMLopsLogger - INFO - Created directory: artifacts/data_transformation
2025-07-29 22:24:19,828 - SimpleMLopsLogger - INFO - Splitted data into train ans test sets.
2025-07-29 22:24:19,828 - SimpleMLopsLogger - INFO - (1279, 12)
2025-07-29 22:24:19,829 - SimpleMLopsLogger - INFO - (320, 12)
2025-07-29 22:24:19,829 - SimpleMLopsLogger - INFO - Data transformation completed successfully.
2025-07-29 22:24:19,829 - SimpleMLopsLogger - INFO - Data transformation pipeline executed successfully.
2025-07-29 22:24:19,829 - SimpleMLopsLogger - INFO - Model trainer pipeline module loaded successfully.
2025-07-29 22:24:19,832 - SimpleMLopsLogger - INFO - YAML file config\config.yaml read successfully.
2025-07-29 22:24:19,833 - SimpleMLopsLogger - INFO - YAML file params.yaml read successfully.
2025-07-29 22:24:19,835 - SimpleMLopsLogger - INFO - YAML file schema.yaml read successfully.
2025-07-29 22:24:19,836 - SimpleMLopsLogger - INFO - Created directory: artifacts
2025-07-29 22:24:19,836 - SimpleMLopsLogger - INFO - Created directory: artifacts/model_trainer
2025-07-29 22:24:19,877 - SimpleMLopsLogger - INFO - Model trainer pipeline executed successfully.
2025-07-29 22:24:19,877 - SimpleMLopsLogger - INFO - Model evaluation pipeline module loaded successfully.
2025-07-29 22:24:19,880 - SimpleMLopsLogger - INFO - YAML file config\config.yaml read successfully.
2025-07-29 22:24:19,881 - SimpleMLopsLogger - INFO - YAML file params.yaml read successfully.
2025-07-29 22:24:19,883 - SimpleMLopsLogger - INFO - YAML file schema.yaml read successfully.
2025-07-29 22:24:19,883 - SimpleMLopsLogger - INFO - Created directory: artifacts
2025-07-29 22:24:19,883 - SimpleMLopsLogger - INFO - Created directory: artifacts/model_evaluation
2025-07-29 22:24:20,491 - SimpleMLopsLogger - INFO - Data saved to artifacts\model_evaluation\metrics.json
2025-07-29 22:24:23,984 - SimpleMLopsLogger - INFO - Model evaluation pipeline executed successfully.
2025-07-29 22:25:50,368 - SimpleMLopsLogger - INFO - Data ingestion pipeline module loaded successfully.
2025-07-29 22:25:50,371 - SimpleMLopsLogger - INFO - YAML file config\config.yaml read successfully.
2025-07-29 22:25:50,372 - SimpleMLopsLogger - INFO - YAML file params.yaml read successfully.
2025-07-29 22:25:50,374 - SimpleMLopsLogger - INFO - YAML file schema.yaml read successfully.
2025-07-29 22:25:50,374 - SimpleMLopsLogger - INFO - Created directory: artifacts
2025-07-29 22:25:50,375 - SimpleMLopsLogger - INFO - Created directory: artifacts/data_ingestion
2025-07-29 22:25:50,375 - SimpleMLopsLogger - INFO - File artifacts/data_ingestion/winequality-data.zip already exists.
2025-07-29 22:25:50,378 - SimpleMLopsLogger - INFO - Data Ingestion Stage completed successfully.
2025-07-29 22:25:50,379 - SimpleMLopsLogger - INFO - Data ingestion pipeline executed successfully.
2025-07-29 22:25:50,379 - SimpleMLopsLogger - INFO - Data validation pipeline module loaded successfully.
2025-07-29 22:25:50,383 - SimpleMLopsLogger - INFO - YAML file config\config.yaml read successfully.
2025-07-29 22:25:50,384 - SimpleMLopsLogger - INFO - YAML file params.yaml read successfully.
2025-07-29 22:25:50,386 - SimpleMLopsLogger - INFO - YAML file schema.yaml read successfully.
2025-07-29 22:25:50,387 - SimpleMLopsLogger - INFO - Created directory: artifacts
2025-07-29 22:25:50,388 - SimpleMLopsLogger - INFO - Created directory: artifacts/data_validation
2025-07-29 22:25:50,409 - SimpleMLopsLogger - INFO - Data Validation Stage completed successfully.
2025-07-29 22:25:50,409 - SimpleMLopsLogger - INFO - Data validation pipeline executed successfully.
2025-07-29 22:25:50,409 - SimpleMLopsLogger - INFO - Data transformation pipeline module loaded successfully.
2025-07-29 22:25:50,412 - SimpleMLopsLogger - INFO - YAML file config\config.yaml read successfully.
2025-07-29 22:25:50,413 - SimpleMLopsLogger - INFO - YAML file params.yaml read successfully.
2025-07-29 22:25:50,415 - SimpleMLopsLogger - INFO - YAML file schema.yaml read successfully.
2025-07-29 22:25:50,416 - SimpleMLopsLogger - INFO - Created directory: artifacts
2025-07-29 22:25:50,417 - SimpleMLopsLogger - INFO - Created directory: artifacts/data_transformation
2025-07-29 22:25:50,432 - SimpleMLopsLogger - INFO - Splitted data into train ans test sets.
2025-07-29 22:25:50,433 - SimpleMLopsLogger - INFO - (1279, 12)
2025-07-29 22:25:50,433 - SimpleMLopsLogger - INFO - (320, 12)
2025-07-29 22:25:50,434 - SimpleMLopsLogger - INFO - Data transformation completed successfully.
2025-07-29 22:25:50,434 - SimpleMLopsLogger - INFO - Data transformation pipeline executed successfully.
2025-07-29 22:25:50,434 - SimpleMLopsLogger - INFO - Model trainer pipeline module loaded successfully.
2025-07-29 22:25:50,438 - SimpleMLopsLogger - INFO - YAML file config\config.yaml read successfully.
2025-07-29 22:25:50,439 - SimpleMLopsLogger - INFO - YAML file params.yaml read successfully.
2025-07-29 22:25:50,442 - SimpleMLopsLogger - INFO - YAML file schema.yaml read successfully.
2025-07-29 22:25:50,443 - SimpleMLopsLogger - INFO - Created directory: artifacts
2025-07-29 22:25:50,443 - SimpleMLopsLogger - INFO - Created directory: artifacts/model_trainer
2025-07-29 22:25:50,475 - SimpleMLopsLogger - INFO - Model trainer pipeline executed successfully.
2025-07-29 22:25:50,475 - SimpleMLopsLogger - INFO - Model evaluation pipeline module loaded successfully.
2025-07-29 22:25:50,477 - SimpleMLopsLogger - INFO - YAML file config\config.yaml read successfully.
2025-07-29 22:25:50,478 - SimpleMLopsLogger - INFO - YAML file params.yaml read successfully.
2025-07-29 22:25:50,480 - SimpleMLopsLogger - INFO - YAML file schema.yaml read successfully.
2025-07-29 22:25:50,480 - SimpleMLopsLogger - INFO - Created directory: artifacts
2025-07-29 22:25:50,481 - SimpleMLopsLogger - INFO - Created directory: artifacts/model_evaluation
2025-07-29 22:25:51,075 - SimpleMLopsLogger - INFO - Data saved to artifacts\model_evaluation\metrics.json
2025-07-29 22:25:54,767 - SimpleMLopsLogger - INFO - Model evaluation pipeline executed successfully.
2025-08-02 11:56:14,015 - SimpleMLopsLogger - INFO - Data ingestion pipeline module loaded successfully.
2025-08-02 11:56:14,027 - SimpleMLopsLogger - INFO - YAML file config\config.yaml read successfully.
2025-08-02 11:56:14,034 - SimpleMLopsLogger - INFO - YAML file params.yaml read successfully.
2025-08-02 11:56:14,037 - SimpleMLopsLogger - INFO - YAML file schema.yaml read successfully.
2025-08-02 11:56:14,038 - SimpleMLopsLogger - INFO - Created directory: artifacts
2025-08-02 11:56:14,038 - SimpleMLopsLogger - INFO - Created directory: artifacts/data_ingestion
2025-08-02 11:56:14,038 - SimpleMLopsLogger - INFO - File artifacts/data_ingestion/winequality-data.zip already exists.
2025-08-02 11:56:14,061 - SimpleMLopsLogger - INFO - Data Ingestion Stage completed successfully.
2025-08-02 11:56:14,061 - SimpleMLopsLogger - INFO - Data ingestion pipeline executed successfully.
2025-08-02 11:56:14,061 - SimpleMLopsLogger - INFO - Data validation pipeline module loaded successfully.
2025-08-02 11:56:14,065 - SimpleMLopsLogger - INFO - YAML file config\config.yaml read successfully.
2025-08-02 11:56:14,066 - SimpleMLopsLogger - INFO - YAML file params.yaml read successfully.
2025-08-02 11:56:14,068 - SimpleMLopsLogger - INFO - YAML file schema.yaml read successfully.
2025-08-02 11:56:14,068 - SimpleMLopsLogger - INFO - Created directory: artifacts
2025-08-02 11:56:14,068 - SimpleMLopsLogger - INFO - Created directory: artifacts/data_validation
2025-08-02 11:56:14,088 - SimpleMLopsLogger - INFO - Data Validation Stage completed successfully.
2025-08-02 11:56:14,089 - SimpleMLopsLogger - INFO - Data validation pipeline executed successfully.
2025-08-02 11:56:14,089 - SimpleMLopsLogger - INFO - Data transformation pipeline module loaded successfully.
2025-08-02 11:56:14,092 - SimpleMLopsLogger - INFO - YAML file config\config.yaml read successfully.
2025-08-02 11:56:14,094 - SimpleMLopsLogger - INFO - YAML file params.yaml read successfully.
2025-08-02 11:56:14,096 - SimpleMLopsLogger - INFO - YAML file schema.yaml read successfully.
2025-08-02 11:56:14,097 - SimpleMLopsLogger - INFO - Created directory: artifacts
2025-08-02 11:56:14,097 - SimpleMLopsLogger - INFO - Created directory: artifacts/data_transformation
2025-08-02 11:56:14,120 - SimpleMLopsLogger - INFO - Splitted data into train ans test sets.
2025-08-02 11:56:14,120 - SimpleMLopsLogger - INFO - (1279, 12)
2025-08-02 11:56:14,121 - SimpleMLopsLogger - INFO - (320, 12)
2025-08-02 11:56:14,122 - SimpleMLopsLogger - INFO - Data transformation completed successfully.
2025-08-02 11:56:14,122 - SimpleMLopsLogger - INFO - Data transformation pipeline executed successfully.
2025-08-02 11:56:14,122 - SimpleMLopsLogger - INFO - Model trainer pipeline module loaded successfully.
2025-08-02 11:56:14,125 - SimpleMLopsLogger - INFO - YAML file config\config.yaml read successfully.
2025-08-02 11:56:14,127 - SimpleMLopsLogger - INFO - YAML file params.yaml read successfully.
2025-08-02 11:56:14,130 - SimpleMLopsLogger - INFO - YAML file schema.yaml read successfully.
2025-08-02 11:56:14,131 - SimpleMLopsLogger - INFO - Created directory: artifacts
2025-08-02 11:56:14,131 - SimpleMLopsLogger - INFO - Created directory: artifacts/model_trainer
2025-08-02 11:56:14,167 - SimpleMLopsLogger - INFO - Model trainer pipeline executed successfully.
2025-08-02 11:56:14,167 - SimpleMLopsLogger - INFO - Model evaluation pipeline module loaded successfully.
2025-08-02 11:56:14,170 - SimpleMLopsLogger - INFO - YAML file config\config.yaml read successfully.
2025-08-02 11:56:14,172 - SimpleMLopsLogger - INFO - YAML file params.yaml read successfully.
2025-08-02 11:56:14,175 - SimpleMLopsLogger - INFO - YAML file schema.yaml read successfully.
2025-08-02 11:56:14,176 - SimpleMLopsLogger - INFO - Created directory: artifacts
2025-08-02 11:56:14,176 - SimpleMLopsLogger - INFO - Created directory: artifacts/model_evaluation
2025-08-02 11:56:15,213 - SimpleMLopsLogger - INFO - Data saved to artifacts\model_evaluation\metrics.json
2025-08-02 11:56:22,281 - SimpleMLopsLogger - INFO - Model evaluation pipeline executed successfully.
2025-08-02 11:57:48,895 - SimpleMLopsLogger - INFO - Data ingestion pipeline module loaded successfully.
2025-08-02 11:57:48,899 - SimpleMLopsLogger - INFO - YAML file config\config.yaml read successfully.
2025-08-02 11:57:48,900 - SimpleMLopsLogger - INFO - YAML file params.yaml read successfully.
2025-08-02 11:57:48,903 - SimpleMLopsLogger - INFO - YAML file schema.yaml read successfully.
2025-08-02 11:57:48,904 - SimpleMLopsLogger - INFO - Created directory: artifacts
2025-08-02 11:57:48,904 - SimpleMLopsLogger - INFO - Created directory: artifacts/data_ingestion
2025-08-02 11:57:48,904 - SimpleMLopsLogger - INFO - File artifacts/data_ingestion/winequality-data.zip already exists.
2025-08-02 11:57:48,907 - SimpleMLopsLogger - INFO - Data Ingestion Stage completed successfully.
2025-08-02 11:57:48,907 - SimpleMLopsLogger - INFO - Data ingestion pipeline executed successfully.
2025-08-02 11:57:48,907 - SimpleMLopsLogger - INFO - Data validation pipeline module loaded successfully.
2025-08-02 11:57:48,911 - SimpleMLopsLogger - INFO - YAML file config\config.yaml read successfully.
2025-08-02 11:57:48,911 - SimpleMLopsLogger - INFO - YAML file params.yaml read successfully.
2025-08-02 11:57:48,913 - SimpleMLopsLogger - INFO - YAML file schema.yaml read successfully.
2025-08-02 11:57:48,914 - SimpleMLopsLogger - INFO - Created directory: artifacts
2025-08-02 11:57:48,914 - SimpleMLopsLogger - INFO - Created directory: artifacts/data_validation
2025-08-02 11:57:48,933 - SimpleMLopsLogger - INFO - Data Validation Stage completed successfully.
2025-08-02 11:57:48,933 - SimpleMLopsLogger - INFO - Data validation pipeline executed successfully.
2025-08-02 11:57:48,934 - SimpleMLopsLogger - INFO - Data transformation pipeline module loaded successfully.
2025-08-02 11:57:48,937 - SimpleMLopsLogger - INFO - YAML file config\config.yaml read successfully.
2025-08-02 11:57:48,939 - SimpleMLopsLogger - INFO - YAML file params.yaml read successfully.
2025-08-02 11:57:48,942 - SimpleMLopsLogger - INFO - YAML file schema.yaml read successfully.
2025-08-02 11:57:48,942 - SimpleMLopsLogger - INFO - Created directory: artifacts
2025-08-02 11:57:48,942 - SimpleMLopsLogger - INFO - Created directory: artifacts/data_transformation
2025-08-02 11:57:48,958 - SimpleMLopsLogger - INFO - Splitted data into train ans test sets.
2025-08-02 11:57:48,959 - SimpleMLopsLogger - INFO - (1279, 12)
2025-08-02 11:57:48,959 - SimpleMLopsLogger - INFO - (320, 12)
2025-08-02 11:57:48,959 - SimpleMLopsLogger - INFO - Data transformation completed successfully.
2025-08-02 11:57:48,959 - SimpleMLopsLogger - INFO - Data transformation pipeline executed successfully.
2025-08-02 11:57:48,959 - SimpleMLopsLogger - INFO - Model trainer pipeline module loaded successfully.
2025-08-02 11:57:48,962 - SimpleMLopsLogger - INFO - YAML file config\config.yaml read successfully.
2025-08-02 11:57:48,963 - SimpleMLopsLogger - INFO - YAML file params.yaml read successfully.
2025-08-02 11:57:48,965 - SimpleMLopsLogger - INFO - YAML file schema.yaml read successfully.
2025-08-02 11:57:48,965 - SimpleMLopsLogger - INFO - Created directory: artifacts
2025-08-02 11:57:48,966 - SimpleMLopsLogger - INFO - Created directory: artifacts/model_trainer
2025-08-02 11:57:48,994 - SimpleMLopsLogger - INFO - Model trainer pipeline executed successfully.
2025-08-02 11:57:48,994 - SimpleMLopsLogger - INFO - Model evaluation pipeline module loaded successfully.
2025-08-02 11:57:48,997 - SimpleMLopsLogger - INFO - YAML file config\config.yaml read successfully.
2025-08-02 11:57:48,998 - SimpleMLopsLogger - INFO - YAML file params.yaml read successfully.
2025-08-02 11:57:49,001 - SimpleMLopsLogger - INFO - YAML file schema.yaml read successfully.
2025-08-02 11:57:49,001 - SimpleMLopsLogger - INFO - Created directory: artifacts
2025-08-02 11:57:49,002 - SimpleMLopsLogger - INFO - Created directory: artifacts/model_evaluation
2025-08-02 11:57:49,558 - SimpleMLopsLogger - INFO - Data saved to artifacts\model_evaluation\metrics.json
2025-08-02 11:57:53,130 - SimpleMLopsLogger - INFO - Model evaluation pipeline executed successfully.
2025-08-02 11:59:37,571 - SimpleMLopsLogger - INFO - Data ingestion pipeline module loaded successfully.
2025-08-02 11:59:37,574 - SimpleMLopsLogger - INFO - YAML file config\config.yaml read successfully.
2025-08-02 11:59:37,575 - SimpleMLopsLogger - INFO - YAML file params.yaml read successfully.
2025-08-02 11:59:37,577 - SimpleMLopsLogger - INFO - YAML file schema.yaml read successfully.
2025-08-02 11:59:37,578 - SimpleMLopsLogger - INFO - Created directory: artifacts
2025-08-02 11:59:37,578 - SimpleMLopsLogger - INFO - Created directory: artifacts/data_ingestion
2025-08-02 11:59:37,579 - SimpleMLopsLogger - INFO - File artifacts/data_ingestion/winequality-data.zip already exists.
2025-08-02 11:59:37,581 - SimpleMLopsLogger - INFO - Data Ingestion Stage completed successfully.
2025-08-02 11:59:37,581 - SimpleMLopsLogger - INFO - Data ingestion pipeline executed successfully.
2025-08-02 11:59:37,581 - SimpleMLopsLogger - INFO - Data validation pipeline module loaded successfully.
2025-08-02 11:59:37,586 - SimpleMLopsLogger - INFO - YAML file config\config.yaml read successfully.
2025-08-02 11:59:37,589 - SimpleMLopsLogger - INFO - YAML file params.yaml read successfully.
2025-08-02 11:59:37,592 - SimpleMLopsLogger - INFO - YAML file schema.yaml read successfully.
2025-08-02 11:59:37,593 - SimpleMLopsLogger - INFO - Created directory: artifacts
2025-08-02 11:59:37,593 - SimpleMLopsLogger - INFO - Created directory: artifacts/data_validation
2025-08-02 11:59:37,612 - SimpleMLopsLogger - INFO - Data Validation Stage completed successfully.
2025-08-02 11:59:37,612 - SimpleMLopsLogger - INFO - Data validation pipeline executed successfully.
2025-08-02 11:59:37,613 - SimpleMLopsLogger - INFO - Data transformation pipeline module loaded successfully.
2025-08-02 11:59:37,616 - SimpleMLopsLogger - INFO - YAML file config\config.yaml read successfully.
2025-08-02 11:59:37,617 - SimpleMLopsLogger - INFO - YAML file params.yaml read successfully.
2025-08-02 11:59:37,619 - SimpleMLopsLogger - INFO - YAML file schema.yaml read successfully.
2025-08-02 11:59:37,620 - SimpleMLopsLogger - INFO - Created directory: artifacts
2025-08-02 11:59:37,620 - SimpleMLopsLogger - INFO - Created directory: artifacts/data_transformation
2025-08-02 11:59:37,637 - SimpleMLopsLogger - INFO - Splitted data into train ans test sets.
2025-08-02 11:59:37,637 - SimpleMLopsLogger - INFO - (1279, 12)
2025-08-02 11:59:37,637 - SimpleMLopsLogger - INFO - (320, 12)
2025-08-02 11:59:37,638 - SimpleMLopsLogger - INFO - Data transformation completed successfully.
2025-08-02 11:59:37,638 - SimpleMLopsLogger - INFO - Data transformation pipeline executed successfully.
2025-08-02 11:59:37,639 - SimpleMLopsLogger - INFO - Model trainer pipeline module loaded successfully.
2025-08-02 11:59:37,643 - SimpleMLopsLogger - INFO - YAML file config\config.yaml read successfully.
2025-08-02 11:59:37,644 - SimpleMLopsLogger - INFO - YAML file params.yaml read successfully.
2025-08-02 11:59:37,646 - SimpleMLopsLogger - INFO - YAML file schema.yaml read successfully.
2025-08-02 11:59:37,647 - SimpleMLopsLogger - INFO - Created directory: artifacts
2025-08-02 11:59:37,647 - SimpleMLopsLogger - INFO - Created directory: artifacts/model_trainer
2025-08-02 11:59:37,680 - SimpleMLopsLogger - INFO - Model trainer pipeline executed successfully.
2025-08-02 11:59:37,680 - SimpleMLopsLogger - INFO - Model evaluation pipeline module loaded successfully.
2025-08-02 11:59:37,683 - SimpleMLopsLogger - INFO - YAML file config\config.yaml read successfully.
2025-08-02 11:59:37,684 - SimpleMLopsLogger - INFO - YAML file params.yaml read successfully.
2025-08-02 11:59:37,686 - SimpleMLopsLogger - INFO - YAML file schema.yaml read successfully.
2025-08-02 11:59:37,686 - SimpleMLopsLogger - INFO - Created directory: artifacts
2025-08-02 11:59:37,687 - SimpleMLopsLogger - INFO - Created directory: artifacts/model_evaluation
2025-08-02 11:59:38,465 - SimpleMLopsLogger - INFO - Data saved to artifacts\model_evaluation\metrics.json
2025-08-02 11:59:42,318 - SimpleMLopsLogger - INFO - Model evaluation pipeline executed successfully.
2025-08-02 12:27:42,976 - werkzeug - INFO - [31m[1mWARNING: This is a development server. Do not use it in a production deployment. Use a production WSGI server instead.[0m
 * Running on all addresses (0.0.0.0)
 * Running on http://127.0.0.1:5000
 * Running on http://192.168.1.3:5000
2025-08-02 12:27:42,977 - werkzeug - INFO - [33mPress CTRL+C to quit[0m
2025-08-02 12:27:42,979 - werkzeug - INFO -  * Restarting with stat
2025-08-02 12:27:44,136 - werkzeug - WARNING -  * Debugger is active!
2025-08-02 12:27:44,141 - werkzeug - INFO -  * Debugger PIN: 190-885-923
2025-08-02 12:27:59,472 - werkzeug - INFO - 127.0.0.1 - - [02/Aug/2025 12:27:59] "GET / HTTP/1.1" 200 -
2025-08-02 12:27:59,515 - werkzeug - INFO - 127.0.0.1 - - [02/Aug/2025 12:27:59] "[33mGET /static/assets/img/form-v9.jpg HTTP/1.1[0m" 404 -
2025-08-02 12:27:59,598 - werkzeug - INFO - 127.0.0.1 - - [02/Aug/2025 12:27:59] "[33mGET /favicon.ico HTTP/1.1[0m" 404 -
2025-08-02 12:28:21,175 - werkzeug - INFO - 127.0.0.1 - - [02/Aug/2025 12:28:21] "POST /predict HTTP/1.1" 200 -
2025-08-02 12:29:38,721 - werkzeug - INFO - 127.0.0.1 - - [02/Aug/2025 12:29:38] "POST /predict HTTP/1.1" 200 -
